ARM GAS  /tmp/ccnVkHon.s 			page 1


   1              		.cpu cortex-m3
   2              		.eabi_attribute 20, 1
   3              		.eabi_attribute 21, 1
   4              		.eabi_attribute 23, 3
   5              		.eabi_attribute 24, 1
   6              		.eabi_attribute 25, 1
   7              		.eabi_attribute 26, 1
   8              		.eabi_attribute 30, 1
   9              		.eabi_attribute 34, 1
  10              		.eabi_attribute 18, 4
  11              		.file	"dht22.c"
  12              		.text
  13              	.Ltext0:
  14              		.cfi_sections	.debug_frame
  15              		.section	.text.DHT22_SetPinOUT,"ax",%progbits
  16              		.align	1
  17              		.global	DHT22_SetPinOUT
  18              		.syntax unified
  19              		.thumb
  20              		.thumb_func
  21              		.fpu softvfp
  23              	DHT22_SetPinOUT:
  24              	.LFB66:
  25              		.file 1 "Drivers/DHT22/src/dht22.c"
   1:Drivers/DHT22/src/dht22.c **** #include "dht22.h"
   2:Drivers/DHT22/src/dht22.c **** 
   3:Drivers/DHT22/src/dht22.c **** #define DHT22_StartIT()	if(HAL_TIM_IC_Start_IT(&handle->timHandle, handle->timChannel) != HAL_OK) r
   4:Drivers/DHT22/src/dht22.c **** #define DHT22_StopIT()	if(HAL_TIM_IC_Stop_IT(&handle->timHandle, handle->timChannel) != HAL_OK) ret
   5:Drivers/DHT22/src/dht22.c **** 
   6:Drivers/DHT22/src/dht22.c **** void DHT22_SetPinOUT(DHT22_HandleTypeDef* handle) {
  26              		.loc 1 6 0
  27              		.cfi_startproc
  28              		@ args = 0, pretend = 0, frame = 16
  29              		@ frame_needed = 0, uses_anonymous_args = 0
  30              	.LVL0:
  31 0000 10B5     		push	{r4, lr}
  32              	.LCFI0:
  33              		.cfi_def_cfa_offset 8
  34              		.cfi_offset 4, -8
  35              		.cfi_offset 14, -4
  36 0002 84B0     		sub	sp, sp, #16
  37              	.LCFI1:
  38              		.cfi_def_cfa_offset 24
  39 0004 0446     		mov	r4, r0
   7:Drivers/DHT22/src/dht22.c **** 
   8:Drivers/DHT22/src/dht22.c **** 	#ifdef STM32F1
   9:Drivers/DHT22/src/dht22.c **** 	HAL_NVIC_DisableIRQ(handle->timerIRQn);
  40              		.loc 1 9 0
  41 0006 90F97400 		ldrsb	r0, [r0, #116]
  42              	.LVL1:
  43 000a FFF7FEFF 		bl	HAL_NVIC_DisableIRQ
  44              	.LVL2:
  10:Drivers/DHT22/src/dht22.c **** 	GPIO_InitTypeDef GPIO_InitStruct;
  11:Drivers/DHT22/src/dht22.c **** 	GPIO_InitStruct.Pin = handle->gpioPin;
  45              		.loc 1 11 0
  46 000e B4F86830 		ldrh	r3, [r4, #104]
  47 0012 0093     		str	r3, [sp]
ARM GAS  /tmp/ccnVkHon.s 			page 2


  12:Drivers/DHT22/src/dht22.c **** 	GPIO_InitStruct.Mode = GPIO_MODE_OUTPUT_OD;
  48              		.loc 1 12 0
  49 0014 1123     		movs	r3, #17
  50 0016 0193     		str	r3, [sp, #4]
  13:Drivers/DHT22/src/dht22.c **** 	GPIO_InitStruct.Pull = GPIO_PULLUP;
  51              		.loc 1 13 0
  52 0018 0123     		movs	r3, #1
  53 001a 0293     		str	r3, [sp, #8]
  14:Drivers/DHT22/src/dht22.c **** 	GPIO_InitStruct.Speed = GPIO_SPEED_FREQ_HIGH;
  54              		.loc 1 14 0
  55 001c 0323     		movs	r3, #3
  56 001e 0393     		str	r3, [sp, #12]
  15:Drivers/DHT22/src/dht22.c **** 	HAL_GPIO_Init(handle->gpioPort, &GPIO_InitStruct);
  57              		.loc 1 15 0
  58 0020 6946     		mov	r1, sp
  59 0022 E06E     		ldr	r0, [r4, #108]
  60 0024 FFF7FEFF 		bl	HAL_GPIO_Init
  61              	.LVL3:
  16:Drivers/DHT22/src/dht22.c **** 	#endif
  17:Drivers/DHT22/src/dht22.c **** 
  18:Drivers/DHT22/src/dht22.c **** 	#ifdef STM32F4
  19:Drivers/DHT22/src/dht22.c **** 	HAL_NVIC_DisableIRQ(handle->timerIRQn);
  20:Drivers/DHT22/src/dht22.c **** 	GPIO_InitTypeDef GPIO_InitStruct;
  21:Drivers/DHT22/src/dht22.c **** 	GPIO_InitStruct.Pin = handle->gpioPin;
  22:Drivers/DHT22/src/dht22.c **** 	GPIO_InitStruct.Mode = GPIO_MODE_OUTPUT_OD;
  23:Drivers/DHT22/src/dht22.c **** 	GPIO_InitStruct.Pull = GPIO_PULLUP;
  24:Drivers/DHT22/src/dht22.c **** 	GPIO_InitStruct.Speed = GPIO_SPEED_HIGH;
  25:Drivers/DHT22/src/dht22.c **** 	HAL_GPIO_Init(handle->gpioPort, &GPIO_InitStruct);
  26:Drivers/DHT22/src/dht22.c **** 	#endif
  27:Drivers/DHT22/src/dht22.c **** 
  28:Drivers/DHT22/src/dht22.c **** }
  62              		.loc 1 28 0
  63 0028 04B0     		add	sp, sp, #16
  64              	.LCFI2:
  65              		.cfi_def_cfa_offset 8
  66              		@ sp needed
  67 002a 10BD     		pop	{r4, pc}
  68              		.cfi_endproc
  69              	.LFE66:
  71              		.section	.text.DHT22_SetPinIN,"ax",%progbits
  72              		.align	1
  73              		.global	DHT22_SetPinIN
  74              		.syntax unified
  75              		.thumb
  76              		.thumb_func
  77              		.fpu softvfp
  79              	DHT22_SetPinIN:
  80              	.LFB67:
  29:Drivers/DHT22/src/dht22.c **** 
  30:Drivers/DHT22/src/dht22.c **** void DHT22_SetPinIN(DHT22_HandleTypeDef* handle) {
  81              		.loc 1 30 0
  82              		.cfi_startproc
  83              		@ args = 0, pretend = 0, frame = 16
  84              		@ frame_needed = 0, uses_anonymous_args = 0
  85              	.LVL4:
  86 0000 30B5     		push	{r4, r5, lr}
  87              	.LCFI3:
ARM GAS  /tmp/ccnVkHon.s 			page 3


  88              		.cfi_def_cfa_offset 12
  89              		.cfi_offset 4, -12
  90              		.cfi_offset 5, -8
  91              		.cfi_offset 14, -4
  92 0002 85B0     		sub	sp, sp, #20
  93              	.LCFI4:
  94              		.cfi_def_cfa_offset 32
  95 0004 0446     		mov	r4, r0
  31:Drivers/DHT22/src/dht22.c **** 
  32:Drivers/DHT22/src/dht22.c **** 	#ifdef STM32F1
  33:Drivers/DHT22/src/dht22.c **** 	GPIO_InitTypeDef GPIO_InitStruct;
  34:Drivers/DHT22/src/dht22.c **** 	GPIO_InitStruct.Pin = handle->gpioPin;
  96              		.loc 1 34 0
  97 0006 B0F86830 		ldrh	r3, [r0, #104]
  98 000a 0093     		str	r3, [sp]
  35:Drivers/DHT22/src/dht22.c **** 	GPIO_InitStruct.Mode = GPIO_MODE_AF_INPUT;
  99              		.loc 1 35 0
 100 000c 0025     		movs	r5, #0
 101 000e 0195     		str	r5, [sp, #4]
  36:Drivers/DHT22/src/dht22.c **** 	GPIO_InitStruct.Pull = GPIO_PULLUP;
 102              		.loc 1 36 0
 103 0010 0123     		movs	r3, #1
 104 0012 0293     		str	r3, [sp, #8]
  37:Drivers/DHT22/src/dht22.c **** 	GPIO_InitStruct.Speed = GPIO_SPEED_FREQ_HIGH;
 105              		.loc 1 37 0
 106 0014 0323     		movs	r3, #3
 107 0016 0393     		str	r3, [sp, #12]
  38:Drivers/DHT22/src/dht22.c **** 	HAL_GPIO_Init(handle->gpioPort, &GPIO_InitStruct);
 108              		.loc 1 38 0
 109 0018 6946     		mov	r1, sp
 110 001a C06E     		ldr	r0, [r0, #108]
 111              	.LVL5:
 112 001c FFF7FEFF 		bl	HAL_GPIO_Init
 113              	.LVL6:
  39:Drivers/DHT22/src/dht22.c **** 	HAL_NVIC_EnableIRQ(handle->timerIRQn);
 114              		.loc 1 39 0
 115 0020 94F97400 		ldrsb	r0, [r4, #116]
 116 0024 FFF7FEFF 		bl	HAL_NVIC_EnableIRQ
 117              	.LVL7:
  40:Drivers/DHT22/src/dht22.c **** 	HAL_NVIC_SetPriority(handle->timerIRQn, 0, 0);
 118              		.loc 1 40 0
 119 0028 2A46     		mov	r2, r5
 120 002a 2946     		mov	r1, r5
 121 002c 94F97400 		ldrsb	r0, [r4, #116]
 122 0030 FFF7FEFF 		bl	HAL_NVIC_SetPriority
 123              	.LVL8:
  41:Drivers/DHT22/src/dht22.c **** 	#endif
  42:Drivers/DHT22/src/dht22.c **** 
  43:Drivers/DHT22/src/dht22.c **** 	#ifdef STM32F4
  44:Drivers/DHT22/src/dht22.c **** 	GPIO_InitTypeDef GPIO_InitStruct;
  45:Drivers/DHT22/src/dht22.c **** 	GPIO_InitStruct.Pin = handle->gpioPin;
  46:Drivers/DHT22/src/dht22.c **** 	GPIO_InitStruct.Mode = GPIO_MODE_AF_OD;
  47:Drivers/DHT22/src/dht22.c **** 	GPIO_InitStruct.Pull = GPIO_PULLUP;
  48:Drivers/DHT22/src/dht22.c **** 	GPIO_InitStruct.Speed = GPIO_SPEED_HIGH;
  49:Drivers/DHT22/src/dht22.c **** 	GPIO_InitStruct.Alternate = handle->gpioAlternateFunction;
  50:Drivers/DHT22/src/dht22.c **** 	HAL_GPIO_Init(handle->gpioPort, &GPIO_InitStruct);
  51:Drivers/DHT22/src/dht22.c **** 	HAL_NVIC_EnableIRQ(handle->timerIRQn);
ARM GAS  /tmp/ccnVkHon.s 			page 4


  52:Drivers/DHT22/src/dht22.c **** 	HAL_NVIC_SetPriority(handle->timerIRQn, 0, 0);
  53:Drivers/DHT22/src/dht22.c **** 	#endif
  54:Drivers/DHT22/src/dht22.c **** 
  55:Drivers/DHT22/src/dht22.c **** }
 124              		.loc 1 55 0
 125 0034 05B0     		add	sp, sp, #20
 126              	.LCFI5:
 127              		.cfi_def_cfa_offset 12
 128              		@ sp needed
 129 0036 30BD     		pop	{r4, r5, pc}
 130              		.cfi_endproc
 131              	.LFE67:
 133              		.section	.text.DHT22_Init,"ax",%progbits
 134              		.align	1
 135              		.global	DHT22_Init
 136              		.syntax unified
 137              		.thumb
 138              		.thumb_func
 139              		.fpu softvfp
 141              	DHT22_Init:
 142              	.LFB68:
  56:Drivers/DHT22/src/dht22.c **** 
  57:Drivers/DHT22/src/dht22.c **** DHT22_RESULT DHT22_Init(DHT22_HandleTypeDef* handle) {
 143              		.loc 1 57 0
 144              		.cfi_startproc
 145              		@ args = 0, pretend = 0, frame = 0
 146              		@ frame_needed = 0, uses_anonymous_args = 0
 147              	.LVL9:
 148 0000 38B5     		push	{r3, r4, r5, lr}
 149              	.LCFI6:
 150              		.cfi_def_cfa_offset 16
 151              		.cfi_offset 3, -16
 152              		.cfi_offset 4, -12
 153              		.cfi_offset 5, -8
 154              		.cfi_offset 14, -4
 155 0002 0446     		mov	r4, r0
  58:Drivers/DHT22/src/dht22.c **** 	handle->timHandle.Init.Period = 0xFFFF;
 156              		.loc 1 58 0
 157 0004 4FF6FF73 		movw	r3, #65535
 158 0008 0362     		str	r3, [r0, #32]
  59:Drivers/DHT22/src/dht22.c **** 	handle->timHandle.Init.Prescaler = 0;
 159              		.loc 1 59 0
 160 000a 0023     		movs	r3, #0
 161 000c 8361     		str	r3, [r0, #24]
  60:Drivers/DHT22/src/dht22.c **** 	handle->timHandle.Init.ClockDivision = 0;
 162              		.loc 1 60 0
 163 000e 4362     		str	r3, [r0, #36]
  61:Drivers/DHT22/src/dht22.c **** 	handle->timHandle.Init.CounterMode = TIM_COUNTERMODE_UP;
 164              		.loc 1 61 0
 165 0010 C361     		str	r3, [r0, #28]
  62:Drivers/DHT22/src/dht22.c **** 	if (HAL_TIM_IC_Init(&handle->timHandle) != HAL_OK) {
 166              		.loc 1 62 0
 167 0012 00F11405 		add	r5, r0, #20
 168 0016 2846     		mov	r0, r5
 169              	.LVL10:
 170 0018 FFF7FEFF 		bl	HAL_TIM_IC_Init
 171              	.LVL11:
ARM GAS  /tmp/ccnVkHon.s 			page 5


 172 001c 08B1     		cbz	r0, .L10
  63:Drivers/DHT22/src/dht22.c **** 		return DHT22_ERROR;
 173              		.loc 1 63 0
 174 001e 0120     		movs	r0, #1
 175              	.L6:
  64:Drivers/DHT22/src/dht22.c **** 	}
  65:Drivers/DHT22/src/dht22.c **** 	handle->timICHandle.ICPolarity = TIM_ICPOLARITY_FALLING;
  66:Drivers/DHT22/src/dht22.c **** 	handle->timICHandle.ICSelection = TIM_ICSELECTION_DIRECTTI;
  67:Drivers/DHT22/src/dht22.c **** 	handle->timICHandle.ICPrescaler = TIM_ICPSC_DIV1;
  68:Drivers/DHT22/src/dht22.c **** 	handle->timICHandle.ICFilter = 0;
  69:Drivers/DHT22/src/dht22.c **** 	if (HAL_TIM_IC_ConfigChannel(&handle->timHandle, &handle->timICHandle,
  70:Drivers/DHT22/src/dht22.c **** 			handle->timChannel) != HAL_OK) {
  71:Drivers/DHT22/src/dht22.c **** 		return DHT22_ERROR;
  72:Drivers/DHT22/src/dht22.c **** 	}
  73:Drivers/DHT22/src/dht22.c **** 	return DHT22_OK;
  74:Drivers/DHT22/src/dht22.c **** }
 176              		.loc 1 74 0
 177 0020 38BD     		pop	{r3, r4, r5, pc}
 178              	.LVL12:
 179              	.L10:
  65:Drivers/DHT22/src/dht22.c **** 	handle->timICHandle.ICSelection = TIM_ICSELECTION_DIRECTTI;
 180              		.loc 1 65 0
 181 0022 0223     		movs	r3, #2
 182 0024 6365     		str	r3, [r4, #84]
  66:Drivers/DHT22/src/dht22.c **** 	handle->timICHandle.ICPrescaler = TIM_ICPSC_DIV1;
 183              		.loc 1 66 0
 184 0026 0123     		movs	r3, #1
 185 0028 A365     		str	r3, [r4, #88]
  67:Drivers/DHT22/src/dht22.c **** 	handle->timICHandle.ICFilter = 0;
 186              		.loc 1 67 0
 187 002a 0023     		movs	r3, #0
 188 002c E365     		str	r3, [r4, #92]
  68:Drivers/DHT22/src/dht22.c **** 	if (HAL_TIM_IC_ConfigChannel(&handle->timHandle, &handle->timICHandle,
 189              		.loc 1 68 0
 190 002e 2366     		str	r3, [r4, #96]
  69:Drivers/DHT22/src/dht22.c **** 			handle->timChannel) != HAL_OK) {
 191              		.loc 1 69 0
 192 0030 626E     		ldr	r2, [r4, #100]
 193 0032 04F15401 		add	r1, r4, #84
 194 0036 2846     		mov	r0, r5
 195 0038 FFF7FEFF 		bl	HAL_TIM_IC_ConfigChannel
 196              	.LVL13:
 197 003c 08B9     		cbnz	r0, .L11
  73:Drivers/DHT22/src/dht22.c **** }
 198              		.loc 1 73 0
 199 003e 0020     		movs	r0, #0
 200 0040 EEE7     		b	.L6
 201              	.L11:
  71:Drivers/DHT22/src/dht22.c **** 	}
 202              		.loc 1 71 0
 203 0042 0120     		movs	r0, #1
 204 0044 ECE7     		b	.L6
 205              		.cfi_endproc
 206              	.LFE68:
 208              		.section	.text.DHT22_DeInit,"ax",%progbits
 209              		.align	1
 210              		.global	DHT22_DeInit
ARM GAS  /tmp/ccnVkHon.s 			page 6


 211              		.syntax unified
 212              		.thumb
 213              		.thumb_func
 214              		.fpu softvfp
 216              	DHT22_DeInit:
 217              	.LFB69:
  75:Drivers/DHT22/src/dht22.c **** 
  76:Drivers/DHT22/src/dht22.c **** DHT22_RESULT DHT22_DeInit(DHT22_HandleTypeDef* handle) {
 218              		.loc 1 76 0
 219              		.cfi_startproc
 220              		@ args = 0, pretend = 0, frame = 0
 221              		@ frame_needed = 0, uses_anonymous_args = 0
 222              		@ link register save eliminated.
 223              	.LVL14:
  77:Drivers/DHT22/src/dht22.c **** 	return DHT22_OK;
  78:Drivers/DHT22/src/dht22.c **** }
 224              		.loc 1 78 0
 225 0000 0020     		movs	r0, #0
 226              	.LVL15:
 227 0002 7047     		bx	lr
 228              		.cfi_endproc
 229              	.LFE69:
 231              		.section	.text.DHT22_InitiateTransfer,"ax",%progbits
 232              		.align	1
 233              		.global	DHT22_InitiateTransfer
 234              		.syntax unified
 235              		.thumb
 236              		.thumb_func
 237              		.fpu softvfp
 239              	DHT22_InitiateTransfer:
 240              	.LFB70:
  79:Drivers/DHT22/src/dht22.c **** 
  80:Drivers/DHT22/src/dht22.c **** DHT22_RESULT DHT22_InitiateTransfer(DHT22_HandleTypeDef* handle) {
 241              		.loc 1 80 0
 242              		.cfi_startproc
 243              		@ args = 0, pretend = 0, frame = 0
 244              		@ frame_needed = 0, uses_anonymous_args = 0
 245              	.LVL16:
 246 0000 10B5     		push	{r4, lr}
 247              	.LCFI7:
 248              		.cfi_def_cfa_offset 8
 249              		.cfi_offset 4, -8
 250              		.cfi_offset 14, -4
 251 0002 0446     		mov	r4, r0
  81:Drivers/DHT22/src/dht22.c **** 
  82:Drivers/DHT22/src/dht22.c **** 	DHT22_SetPinOUT(handle);
 252              		.loc 1 82 0
 253 0004 FFF7FEFF 		bl	DHT22_SetPinOUT
 254              	.LVL17:
  83:Drivers/DHT22/src/dht22.c **** 	HAL_GPIO_WritePin(handle->gpioPort, handle->gpioPin, GPIO_PIN_RESET);
 255              		.loc 1 83 0
 256 0008 0022     		movs	r2, #0
 257 000a B4F86810 		ldrh	r1, [r4, #104]
 258 000e E06E     		ldr	r0, [r4, #108]
 259 0010 FFF7FEFF 		bl	HAL_GPIO_WritePin
 260              	.LVL18:
  84:Drivers/DHT22/src/dht22.c **** 	HAL_Delay(2);
ARM GAS  /tmp/ccnVkHon.s 			page 7


 261              		.loc 1 84 0
 262 0014 0220     		movs	r0, #2
 263 0016 FFF7FEFF 		bl	HAL_Delay
 264              	.LVL19:
  85:Drivers/DHT22/src/dht22.c **** 	DHT22_SetPinIN(handle);
 265              		.loc 1 85 0
 266 001a 2046     		mov	r0, r4
 267 001c FFF7FEFF 		bl	DHT22_SetPinIN
 268              	.LVL20:
  86:Drivers/DHT22/src/dht22.c **** 
  87:Drivers/DHT22/src/dht22.c **** 	handle->bitPos = -1;
 269              		.loc 1 87 0
 270 0020 4FF0FF33 		mov	r3, #-1
 271 0024 2367     		str	r3, [r4, #112]
 272              	.LVL21:
 273              	.LBB2:
  88:Drivers/DHT22/src/dht22.c **** 	for (int i = 0; i < 5; i++) {
 274              		.loc 1 88 0
 275 0026 0023     		movs	r3, #0
 276 0028 02E0     		b	.L14
 277              	.LVL22:
 278              	.L15:
  89:Drivers/DHT22/src/dht22.c **** 		handle->bitsRX[i] = 0;
 279              		.loc 1 89 0 discriminator 3
 280 002a 0022     		movs	r2, #0
 281 002c E254     		strb	r2, [r4, r3]
  88:Drivers/DHT22/src/dht22.c **** 	for (int i = 0; i < 5; i++) {
 282              		.loc 1 88 0 discriminator 3
 283 002e 0133     		adds	r3, r3, #1
 284              	.LVL23:
 285              	.L14:
  88:Drivers/DHT22/src/dht22.c **** 	for (int i = 0; i < 5; i++) {
 286              		.loc 1 88 0 is_stmt 0 discriminator 1
 287 0030 042B     		cmp	r3, #4
 288 0032 FADD     		ble	.L15
 289              	.LBE2:
  90:Drivers/DHT22/src/dht22.c **** 	}
  91:Drivers/DHT22/src/dht22.c **** 	handle->state = DHT22_RECEIVING;
 290              		.loc 1 91 0 is_stmt 1
 291 0034 0123     		movs	r3, #1
 292              	.LVL24:
 293 0036 6374     		strb	r3, [r4, #17]
  92:Drivers/DHT22/src/dht22.c **** 	DHT22_StartIT();
 294              		.loc 1 92 0
 295 0038 616E     		ldr	r1, [r4, #100]
 296 003a 04F11400 		add	r0, r4, #20
 297 003e FFF7FEFF 		bl	HAL_TIM_IC_Start_IT
 298              	.LVL25:
 299 0042 08B9     		cbnz	r0, .L19
  93:Drivers/DHT22/src/dht22.c **** 
  94:Drivers/DHT22/src/dht22.c **** 	return DHT22_OK;
 300              		.loc 1 94 0
 301 0044 0020     		movs	r0, #0
 302              	.L16:
  95:Drivers/DHT22/src/dht22.c **** }
 303              		.loc 1 95 0
 304 0046 10BD     		pop	{r4, pc}
ARM GAS  /tmp/ccnVkHon.s 			page 8


 305              	.LVL26:
 306              	.L19:
  92:Drivers/DHT22/src/dht22.c **** 	DHT22_StartIT();
 307              		.loc 1 92 0
 308 0048 0120     		movs	r0, #1
 309 004a FCE7     		b	.L16
 310              		.cfi_endproc
 311              	.LFE70:
 313              		.global	__aeabi_i2d
 314              		.global	__aeabi_dmul
 315              		.global	__aeabi_ui2d
 316              		.global	__aeabi_ddiv
 317              		.global	__aeabi_d2f
 318              		.global	__aeabi_fcmpgt
 319              		.global	__aeabi_fcmplt
 320              		.section	.text.DHT22_InterruptHandler,"ax",%progbits
 321              		.align	1
 322              		.global	DHT22_InterruptHandler
 323              		.syntax unified
 324              		.thumb
 325              		.thumb_func
 326              		.fpu softvfp
 328              	DHT22_InterruptHandler:
 329              	.LFB71:
  96:Drivers/DHT22/src/dht22.c **** 
  97:Drivers/DHT22/src/dht22.c **** void DHT22_InterruptHandler(DHT22_HandleTypeDef* handle) {
 330              		.loc 1 97 0
 331              		.cfi_startproc
 332              		@ args = 0, pretend = 0, frame = 0
 333              		@ frame_needed = 0, uses_anonymous_args = 0
 334              	.LVL27:
 335 0000 2DE9F843 		push	{r3, r4, r5, r6, r7, r8, r9, lr}
 336              	.LCFI8:
 337              		.cfi_def_cfa_offset 32
 338              		.cfi_offset 3, -32
 339              		.cfi_offset 4, -28
 340              		.cfi_offset 5, -24
 341              		.cfi_offset 6, -20
 342              		.cfi_offset 7, -16
 343              		.cfi_offset 8, -12
 344              		.cfi_offset 9, -8
 345              		.cfi_offset 14, -4
 346 0004 0446     		mov	r4, r0
  98:Drivers/DHT22/src/dht22.c **** 
  99:Drivers/DHT22/src/dht22.c **** 	uint16_t val = HAL_TIM_ReadCapturedValue(&handle->timHandle,
 347              		.loc 1 99 0
 348 0006 00F11406 		add	r6, r0, #20
 349 000a 416E     		ldr	r1, [r0, #100]
 350 000c 3046     		mov	r0, r6
 351              	.LVL28:
 352 000e FFF7FEFF 		bl	HAL_TIM_ReadCapturedValue
 353              	.LVL29:
 354 0012 85B2     		uxth	r5, r0
 355              	.LVL30:
 100:Drivers/DHT22/src/dht22.c **** 			handle->timChannel);
 101:Drivers/DHT22/src/dht22.c **** 
 102:Drivers/DHT22/src/dht22.c **** 	uint32_t freq = HAL_RCC_GetPCLK2Freq();
ARM GAS  /tmp/ccnVkHon.s 			page 9


 356              		.loc 1 102 0
 357 0014 FFF7FEFF 		bl	HAL_RCC_GetPCLK2Freq
 358              	.LVL31:
 359 0018 0746     		mov	r7, r0
 360              	.LVL32:
 103:Drivers/DHT22/src/dht22.c **** 
 104:Drivers/DHT22/src/dht22.c **** 	uint16_t val2;
 105:Drivers/DHT22/src/dht22.c **** 	if (val > handle->lastVal)
 361              		.loc 1 105 0
 362 001a B4F87C00 		ldrh	r0, [r4, #124]
 363              	.LVL33:
 364 001e A842     		cmp	r0, r5
 365 0020 3CD2     		bcs	.L21
 106:Drivers/DHT22/src/dht22.c **** 		val2 = val - handle->lastVal;
 366              		.loc 1 106 0
 367 0022 281A     		subs	r0, r5, r0
 368 0024 80B2     		uxth	r0, r0
 369              	.LVL34:
 370              	.L22:
 107:Drivers/DHT22/src/dht22.c **** 	else
 108:Drivers/DHT22/src/dht22.c **** 		val2 = 65535 + val - handle->lastVal;
 109:Drivers/DHT22/src/dht22.c **** 
 110:Drivers/DHT22/src/dht22.c **** 	handle->lastVal = val;
 371              		.loc 1 110 0
 372 0026 A4F87C50 		strh	r5, [r4, #124]	@ movhi
 111:Drivers/DHT22/src/dht22.c **** 
 112:Drivers/DHT22/src/dht22.c **** 	float time = 1000000.0 * val2 / freq;
 373              		.loc 1 112 0
 374 002a FFF7FEFF 		bl	__aeabi_i2d
 375              	.LVL35:
 376 002e 64A3     		adr	r3, .L58
 377 0030 D3E90023 		ldrd	r2, [r3]
 378 0034 FFF7FEFF 		bl	__aeabi_dmul
 379              	.LVL36:
 380 0038 8046     		mov	r8, r0
 381 003a 8946     		mov	r9, r1
 382 003c 3846     		mov	r0, r7
 383 003e FFF7FEFF 		bl	__aeabi_ui2d
 384              	.LVL37:
 385 0042 0246     		mov	r2, r0
 386 0044 0B46     		mov	r3, r1
 387 0046 4046     		mov	r0, r8
 388 0048 4946     		mov	r1, r9
 389 004a FFF7FEFF 		bl	__aeabi_ddiv
 390              	.LVL38:
 391 004e FFF7FEFF 		bl	__aeabi_d2f
 392              	.LVL39:
 393 0052 0746     		mov	r7, r0
 394              	.LVL40:
 113:Drivers/DHT22/src/dht22.c **** 
 114:Drivers/DHT22/src/dht22.c **** 	if (handle->bitPos < 0) {
 395              		.loc 1 114 0
 396 0054 256F     		ldr	r5, [r4, #112]
 397              	.LVL41:
 398 0056 002D     		cmp	r5, #0
 399 0058 25DB     		blt	.L51
 115:Drivers/DHT22/src/dht22.c **** 		if (time > 155.0 && time < 165.0) {
ARM GAS  /tmp/ccnVkHon.s 			page 10


 116:Drivers/DHT22/src/dht22.c **** 			handle->bitPos = 0;
 117:Drivers/DHT22/src/dht22.c **** 		}
 118:Drivers/DHT22/src/dht22.c **** 	} else if (handle->bitPos >= 0 && handle->bitPos < 40) {
 400              		.loc 1 118 0
 401 005a 272D     		cmp	r5, #39
 402 005c 5CD8     		bhi	.L24
 119:Drivers/DHT22/src/dht22.c **** 		if (time > 78.0 && time < 97.0) {
 403              		.loc 1 119 0
 404 005e 5C49     		ldr	r1, .L58+16
 405 0060 FFF7FEFF 		bl	__aeabi_fcmpgt
 406              	.LVL42:
 407 0064 70B3     		cbz	r0, .L27
 408              		.loc 1 119 0 is_stmt 0 discriminator 1
 409 0066 5B49     		ldr	r1, .L58+20
 410 0068 3846     		mov	r0, r7
 411 006a FFF7FEFF 		bl	__aeabi_fcmplt
 412              	.LVL43:
 413 006e 48B3     		cbz	r0, .L27
 120:Drivers/DHT22/src/dht22.c **** 			handle->bitsRX[handle->bitPos / 8] &= ~(1
 414              		.loc 1 120 0 is_stmt 1
 415 0070 2A46     		mov	r2, r5
 416 0072 002D     		cmp	r5, #0
 417 0074 24DB     		blt	.L52
 418              	.L30:
 419 0076 D210     		asrs	r2, r2, #3
 121:Drivers/DHT22/src/dht22.c **** 					<< (7 - handle->bitPos % 8));
 420              		.loc 1 121 0
 421 0078 6942     		rsbs	r1, r5, #0
 422 007a 05F00703 		and	r3, r5, #7
 423 007e 01F00701 		and	r1, r1, #7
 424 0082 58BF     		it	pl
 425 0084 4B42     		rsbpl	r3, r1, #0
 426 0086 C3F10703 		rsb	r3, r3, #7
 427 008a 0121     		movs	r1, #1
 428 008c 9940     		lsls	r1, r1, r3
 120:Drivers/DHT22/src/dht22.c **** 			handle->bitsRX[handle->bitPos / 8] &= ~(1
 429              		.loc 1 120 0
 430 008e A35C     		ldrb	r3, [r4, r2]	@ zero_extendqisi2
 431 0090 23EA0103 		bic	r3, r3, r1
 432 0094 A354     		strb	r3, [r4, r2]
 122:Drivers/DHT22/src/dht22.c **** 			handle->bitPos++;
 433              		.loc 1 122 0
 434 0096 0135     		adds	r5, r5, #1
 435 0098 2567     		str	r5, [r4, #112]
 436 009a 3DE0     		b	.L24
 437              	.LVL44:
 438              	.L21:
 108:Drivers/DHT22/src/dht22.c **** 
 439              		.loc 1 108 0
 440 009c 281A     		subs	r0, r5, r0
 441 009e 80B2     		uxth	r0, r0
 442 00a0 0138     		subs	r0, r0, #1
 443 00a2 80B2     		uxth	r0, r0
 444              	.LVL45:
 445 00a4 BFE7     		b	.L22
 446              	.LVL46:
 447              	.L51:
ARM GAS  /tmp/ccnVkHon.s 			page 11


 115:Drivers/DHT22/src/dht22.c **** 			handle->bitPos = 0;
 448              		.loc 1 115 0
 449 00a6 4C49     		ldr	r1, .L58+24
 450 00a8 FFF7FEFF 		bl	__aeabi_fcmpgt
 451              	.LVL47:
 452 00ac 0028     		cmp	r0, #0
 453 00ae 33D0     		beq	.L24
 115:Drivers/DHT22/src/dht22.c **** 			handle->bitPos = 0;
 454              		.loc 1 115 0 is_stmt 0 discriminator 1
 455 00b0 4A49     		ldr	r1, .L58+28
 456 00b2 3846     		mov	r0, r7
 457 00b4 FFF7FEFF 		bl	__aeabi_fcmplt
 458              	.LVL48:
 459 00b8 70B3     		cbz	r0, .L24
 116:Drivers/DHT22/src/dht22.c **** 		}
 460              		.loc 1 116 0 is_stmt 1
 461 00ba 0023     		movs	r3, #0
 462 00bc 2367     		str	r3, [r4, #112]
 463 00be 2BE0     		b	.L24
 464              	.L52:
 120:Drivers/DHT22/src/dht22.c **** 					<< (7 - handle->bitPos % 8));
 465              		.loc 1 120 0
 466 00c0 EA1D     		adds	r2, r5, #7
 467 00c2 D8E7     		b	.L30
 468              	.L27:
 123:Drivers/DHT22/src/dht22.c **** 		} else if (time > 120.0 && time < 145.0) {
 469              		.loc 1 123 0
 470 00c4 4649     		ldr	r1, .L58+32
 471 00c6 3846     		mov	r0, r7
 472 00c8 FFF7FEFF 		bl	__aeabi_fcmpgt
 473              	.LVL49:
 474 00cc D8B1     		cbz	r0, .L31
 475              		.loc 1 123 0 is_stmt 0 discriminator 1
 476 00ce 4549     		ldr	r1, .L58+36
 477 00d0 3846     		mov	r0, r7
 478 00d2 FFF7FEFF 		bl	__aeabi_fcmplt
 479              	.LVL50:
 480 00d6 B0B1     		cbz	r0, .L31
 124:Drivers/DHT22/src/dht22.c **** 			handle->bitsRX[handle->bitPos / 8] |= 1 << (7 - handle->bitPos % 8);
 481              		.loc 1 124 0 is_stmt 1
 482 00d8 2A46     		mov	r2, r5
 483 00da 002D     		cmp	r5, #0
 484 00dc 11DB     		blt	.L53
 485              	.L34:
 486 00de D210     		asrs	r2, r2, #3
 487 00e0 6942     		rsbs	r1, r5, #0
 488 00e2 05F00703 		and	r3, r5, #7
 489 00e6 01F00701 		and	r1, r1, #7
 490 00ea 58BF     		it	pl
 491 00ec 4B42     		rsbpl	r3, r1, #0
 492 00ee C3F10703 		rsb	r3, r3, #7
 493 00f2 0121     		movs	r1, #1
 494 00f4 9940     		lsls	r1, r1, r3
 495 00f6 A35C     		ldrb	r3, [r4, r2]	@ zero_extendqisi2
 496 00f8 0B43     		orrs	r3, r3, r1
 497 00fa A354     		strb	r3, [r4, r2]
 125:Drivers/DHT22/src/dht22.c **** 			handle->bitPos++;
ARM GAS  /tmp/ccnVkHon.s 			page 12


 498              		.loc 1 125 0
 499 00fc 0135     		adds	r5, r5, #1
 500 00fe 2567     		str	r5, [r4, #112]
 501 0100 0AE0     		b	.L24
 502              	.L53:
 124:Drivers/DHT22/src/dht22.c **** 			handle->bitsRX[handle->bitPos / 8] |= 1 << (7 - handle->bitPos % 8);
 503              		.loc 1 124 0
 504 0102 EA1D     		adds	r2, r5, #7
 505 0104 EBE7     		b	.L34
 506              	.L31:
 126:Drivers/DHT22/src/dht22.c **** 		} else {
 127:Drivers/DHT22/src/dht22.c **** 			handle->bitPos = -1;
 507              		.loc 1 127 0
 508 0106 4FF0FF33 		mov	r3, #-1
 509 010a 2367     		str	r3, [r4, #112]
 128:Drivers/DHT22/src/dht22.c **** 			HAL_TIM_IC_Stop_IT(&handle->timHandle, handle->timChannel);
 510              		.loc 1 128 0
 511 010c 616E     		ldr	r1, [r4, #100]
 512 010e 3046     		mov	r0, r6
 513 0110 FFF7FEFF 		bl	HAL_TIM_IC_Stop_IT
 514              	.LVL51:
 129:Drivers/DHT22/src/dht22.c **** 			handle->state = DHT22_READY;
 515              		.loc 1 129 0
 516 0114 0223     		movs	r3, #2
 517 0116 6374     		strb	r3, [r4, #17]
 518              	.L24:
 130:Drivers/DHT22/src/dht22.c **** 		}
 131:Drivers/DHT22/src/dht22.c **** 	}
 132:Drivers/DHT22/src/dht22.c **** 
 133:Drivers/DHT22/src/dht22.c **** 	if(handle->bitPos==40){
 519              		.loc 1 133 0
 520 0118 236F     		ldr	r3, [r4, #112]
 521 011a 282B     		cmp	r3, #40
 522 011c 01D0     		beq	.L54
 523              	.L20:
 134:Drivers/DHT22/src/dht22.c **** 		handle->bitPos = -1;
 135:Drivers/DHT22/src/dht22.c **** 		HAL_TIM_IC_Stop_IT(&handle->timHandle, handle->timChannel);
 136:Drivers/DHT22/src/dht22.c **** 		uint8_t sum = 0;
 137:Drivers/DHT22/src/dht22.c **** 		for (int i = 0; i < 4; i++) {
 138:Drivers/DHT22/src/dht22.c **** 			sum += handle->bitsRX[i];
 139:Drivers/DHT22/src/dht22.c **** 		}
 140:Drivers/DHT22/src/dht22.c **** 		if (sum == handle->bitsRX[4]) {
 141:Drivers/DHT22/src/dht22.c **** 			handle->crcErrorFlag = 0;
 142:Drivers/DHT22/src/dht22.c **** 
 143:Drivers/DHT22/src/dht22.c **** 			int16_t temp10 = 0;
 144:Drivers/DHT22/src/dht22.c **** 			if ((handle->bitsRX[2] & 0x80) == 0x80) {
 145:Drivers/DHT22/src/dht22.c **** 				temp10 |= (handle->bitsRX[2] & 0x7F) << 8;
 146:Drivers/DHT22/src/dht22.c **** 				temp10 |= handle->bitsRX[3];
 147:Drivers/DHT22/src/dht22.c **** 				temp10 *= -1;
 148:Drivers/DHT22/src/dht22.c **** 			} else {
 149:Drivers/DHT22/src/dht22.c **** 				temp10 |= handle->bitsRX[2] << 8;
 150:Drivers/DHT22/src/dht22.c **** 				temp10 |= handle->bitsRX[3];
 151:Drivers/DHT22/src/dht22.c **** 			}
 152:Drivers/DHT22/src/dht22.c **** 			handle->temp = 0.1 * temp10;
 153:Drivers/DHT22/src/dht22.c **** 
 154:Drivers/DHT22/src/dht22.c **** 			int16_t hum10 = 0;
 155:Drivers/DHT22/src/dht22.c **** 			if ((handle->bitsRX[0] & 0x80) == 0x80) {
ARM GAS  /tmp/ccnVkHon.s 			page 13


 156:Drivers/DHT22/src/dht22.c **** 				hum10 |= (handle->bitsRX[0] & 0x7F) << 8;
 157:Drivers/DHT22/src/dht22.c **** 				hum10 |= handle->bitsRX[1];
 158:Drivers/DHT22/src/dht22.c **** 				hum10 *= -1;
 159:Drivers/DHT22/src/dht22.c **** 			} else {
 160:Drivers/DHT22/src/dht22.c **** 				hum10 |= handle->bitsRX[0] << 8;
 161:Drivers/DHT22/src/dht22.c **** 				hum10 |= handle->bitsRX[1];
 162:Drivers/DHT22/src/dht22.c **** 			}
 163:Drivers/DHT22/src/dht22.c **** 			handle->hum = 0.1 * hum10;
 164:Drivers/DHT22/src/dht22.c **** 		} else {
 165:Drivers/DHT22/src/dht22.c **** 			handle->crcErrorFlag = 1;
 166:Drivers/DHT22/src/dht22.c **** 		}
 167:Drivers/DHT22/src/dht22.c **** 		handle->state = DHT22_RECEIVED;
 168:Drivers/DHT22/src/dht22.c **** 	}
 169:Drivers/DHT22/src/dht22.c **** 
 170:Drivers/DHT22/src/dht22.c **** }
 524              		.loc 1 170 0
 525 011e BDE8F883 		pop	{r3, r4, r5, r6, r7, r8, r9, pc}
 526              	.LVL52:
 527              	.L54:
 528              	.LBB3:
 134:Drivers/DHT22/src/dht22.c **** 		handle->bitPos = -1;
 529              		.loc 1 134 0
 530 0122 4FF0FF33 		mov	r3, #-1
 531 0126 2367     		str	r3, [r4, #112]
 135:Drivers/DHT22/src/dht22.c **** 		uint8_t sum = 0;
 532              		.loc 1 135 0
 533 0128 616E     		ldr	r1, [r4, #100]
 534 012a 3046     		mov	r0, r6
 535 012c FFF7FEFF 		bl	HAL_TIM_IC_Stop_IT
 536              	.LVL53:
 537              	.LBB4:
 137:Drivers/DHT22/src/dht22.c **** 			sum += handle->bitsRX[i];
 538              		.loc 1 137 0
 539 0130 0023     		movs	r3, #0
 540              	.LBE4:
 136:Drivers/DHT22/src/dht22.c **** 		for (int i = 0; i < 4; i++) {
 541              		.loc 1 136 0
 542 0132 1A46     		mov	r2, r3
 543              	.LBB5:
 137:Drivers/DHT22/src/dht22.c **** 			sum += handle->bitsRX[i];
 544              		.loc 1 137 0
 545 0134 03E0     		b	.L36
 546              	.LVL54:
 547              	.L37:
 138:Drivers/DHT22/src/dht22.c **** 		}
 548              		.loc 1 138 0 discriminator 3
 549 0136 E15C     		ldrb	r1, [r4, r3]	@ zero_extendqisi2
 550 0138 0A44     		add	r2, r2, r1
 551              	.LVL55:
 552 013a D2B2     		uxtb	r2, r2
 553              	.LVL56:
 137:Drivers/DHT22/src/dht22.c **** 			sum += handle->bitsRX[i];
 554              		.loc 1 137 0 discriminator 3
 555 013c 0133     		adds	r3, r3, #1
 556              	.LVL57:
 557              	.L36:
 137:Drivers/DHT22/src/dht22.c **** 			sum += handle->bitsRX[i];
ARM GAS  /tmp/ccnVkHon.s 			page 14


 558              		.loc 1 137 0 is_stmt 0 discriminator 1
 559 013e 032B     		cmp	r3, #3
 560 0140 F9DD     		ble	.L37
 561              	.LBE5:
 140:Drivers/DHT22/src/dht22.c **** 			handle->crcErrorFlag = 0;
 562              		.loc 1 140 0 is_stmt 1
 563 0142 2379     		ldrb	r3, [r4, #4]	@ zero_extendqisi2
 564              	.LVL58:
 565 0144 9342     		cmp	r3, r2
 566 0146 04D0     		beq	.L55
 165:Drivers/DHT22/src/dht22.c **** 		}
 567              		.loc 1 165 0
 568 0148 0123     		movs	r3, #1
 569 014a 2374     		strb	r3, [r4, #16]
 570              	.LVL59:
 571              	.L43:
 167:Drivers/DHT22/src/dht22.c **** 	}
 572              		.loc 1 167 0
 573 014c 0023     		movs	r3, #0
 574 014e 6374     		strb	r3, [r4, #17]
 575              	.LBE3:
 576              		.loc 1 170 0
 577 0150 E5E7     		b	.L20
 578              	.LVL60:
 579              	.L55:
 580              	.LBB8:
 581              	.LBB6:
 141:Drivers/DHT22/src/dht22.c **** 
 582              		.loc 1 141 0
 583 0152 0023     		movs	r3, #0
 584 0154 2374     		strb	r3, [r4, #16]
 585              	.LVL61:
 144:Drivers/DHT22/src/dht22.c **** 				temp10 |= (handle->bitsRX[2] & 0x7F) << 8;
 586              		.loc 1 144 0
 587 0156 A378     		ldrb	r3, [r4, #2]	@ zero_extendqisi2
 588 0158 13F0800F 		tst	r3, #128
 589 015c 20D1     		bne	.L56
 149:Drivers/DHT22/src/dht22.c **** 				temp10 |= handle->bitsRX[3];
 590              		.loc 1 149 0
 591 015e 1802     		lsls	r0, r3, #8
 592 0160 00B2     		sxth	r0, r0
 593              	.LVL62:
 150:Drivers/DHT22/src/dht22.c **** 			}
 594              		.loc 1 150 0
 595 0162 E378     		ldrb	r3, [r4, #3]	@ zero_extendqisi2
 596 0164 1843     		orrs	r0, r0, r3
 597              	.LVL63:
 598              	.L40:
 152:Drivers/DHT22/src/dht22.c **** 
 599              		.loc 1 152 0
 600 0166 FFF7FEFF 		bl	__aeabi_i2d
 601              	.LVL64:
 602 016a 17A3     		adr	r3, .L58+8
 603 016c D3E90023 		ldrd	r2, [r3]
 604 0170 FFF7FEFF 		bl	__aeabi_dmul
 605              	.LVL65:
 606 0174 FFF7FEFF 		bl	__aeabi_d2f
ARM GAS  /tmp/ccnVkHon.s 			page 15


 607              	.LVL66:
 608 0178 A060     		str	r0, [r4, #8]	@ float
 609              	.LVL67:
 155:Drivers/DHT22/src/dht22.c **** 				hum10 |= (handle->bitsRX[0] & 0x7F) << 8;
 610              		.loc 1 155 0
 611 017a 2378     		ldrb	r3, [r4]	@ zero_extendqisi2
 612 017c 13F0800F 		tst	r3, #128
 613 0180 15D1     		bne	.L57
 160:Drivers/DHT22/src/dht22.c **** 				hum10 |= handle->bitsRX[1];
 614              		.loc 1 160 0
 615 0182 1802     		lsls	r0, r3, #8
 616 0184 00B2     		sxth	r0, r0
 617              	.LVL68:
 161:Drivers/DHT22/src/dht22.c **** 			}
 618              		.loc 1 161 0
 619 0186 6378     		ldrb	r3, [r4, #1]	@ zero_extendqisi2
 620 0188 1843     		orrs	r0, r0, r3
 621              	.LVL69:
 622              	.L42:
 163:Drivers/DHT22/src/dht22.c **** 		} else {
 623              		.loc 1 163 0
 624 018a FFF7FEFF 		bl	__aeabi_i2d
 625              	.LVL70:
 626 018e 0EA3     		adr	r3, .L58+8
 627 0190 D3E90023 		ldrd	r2, [r3]
 628 0194 FFF7FEFF 		bl	__aeabi_dmul
 629              	.LVL71:
 630 0198 FFF7FEFF 		bl	__aeabi_d2f
 631              	.LVL72:
 632 019c E060     		str	r0, [r4, #12]	@ float
 633              	.LBE6:
 634 019e D5E7     		b	.L43
 635              	.LVL73:
 636              	.L56:
 637              	.LBB7:
 145:Drivers/DHT22/src/dht22.c **** 				temp10 |= handle->bitsRX[3];
 638              		.loc 1 145 0
 639 01a0 1802     		lsls	r0, r3, #8
 640 01a2 00F4FE40 		and	r0, r0, #32512
 641              	.LVL74:
 146:Drivers/DHT22/src/dht22.c **** 				temp10 *= -1;
 642              		.loc 1 146 0
 643 01a6 E378     		ldrb	r3, [r4, #3]	@ zero_extendqisi2
 644 01a8 1843     		orrs	r0, r0, r3
 645              	.LVL75:
 147:Drivers/DHT22/src/dht22.c **** 			} else {
 646              		.loc 1 147 0
 647 01aa 4042     		negs	r0, r0
 648              	.LVL76:
 649 01ac DBE7     		b	.L40
 650              	.LVL77:
 651              	.L57:
 156:Drivers/DHT22/src/dht22.c **** 				hum10 |= handle->bitsRX[1];
 652              		.loc 1 156 0
 653 01ae 1802     		lsls	r0, r3, #8
 654 01b0 00F4FE40 		and	r0, r0, #32512
 655              	.LVL78:
ARM GAS  /tmp/ccnVkHon.s 			page 16


 157:Drivers/DHT22/src/dht22.c **** 				hum10 *= -1;
 656              		.loc 1 157 0
 657 01b4 6378     		ldrb	r3, [r4, #1]	@ zero_extendqisi2
 658 01b6 1843     		orrs	r0, r0, r3
 659              	.LVL79:
 158:Drivers/DHT22/src/dht22.c **** 			} else {
 660              		.loc 1 158 0
 661 01b8 4042     		negs	r0, r0
 662              	.LVL80:
 663 01ba E6E7     		b	.L42
 664              	.L59:
 665 01bc AFF30080 		.align	3
 666              	.L58:
 667 01c0 00000000 		.word	0
 668 01c4 80842E41 		.word	1093567616
 669 01c8 9A999999 		.word	2576980378
 670 01cc 9999B93F 		.word	1069128089
 671 01d0 00009C42 		.word	1117519872
 672 01d4 0000C242 		.word	1120010240
 673 01d8 00001B43 		.word	1125842944
 674 01dc 00002543 		.word	1126498304
 675 01e0 0000F042 		.word	1123024896
 676 01e4 00001143 		.word	1125187584
 677              	.LBE7:
 678              	.LBE8:
 679              		.cfi_endproc
 680              	.LFE71:
 682              		.section	.text.DHT22_ReadData,"ax",%progbits
 683              		.align	1
 684              		.global	DHT22_ReadData
 685              		.syntax unified
 686              		.thumb
 687              		.thumb_func
 688              		.fpu softvfp
 690              	DHT22_ReadData:
 691              	.LFB72:
 171:Drivers/DHT22/src/dht22.c **** 
 172:Drivers/DHT22/src/dht22.c **** DHT22_RESULT DHT22_ReadData(DHT22_HandleTypeDef* handle) {
 692              		.loc 1 172 0
 693              		.cfi_startproc
 694              		@ args = 0, pretend = 0, frame = 0
 695              		@ frame_needed = 0, uses_anonymous_args = 0
 696              	.LVL81:
 697 0000 38B5     		push	{r3, r4, r5, lr}
 698              	.LCFI9:
 699              		.cfi_def_cfa_offset 16
 700              		.cfi_offset 3, -16
 701              		.cfi_offset 4, -12
 702              		.cfi_offset 5, -8
 703              		.cfi_offset 14, -4
 704 0002 0446     		mov	r4, r0
 173:Drivers/DHT22/src/dht22.c **** 	DHT22_InitiateTransfer(handle);
 705              		.loc 1 173 0
 706 0004 FFF7FEFF 		bl	DHT22_InitiateTransfer
 707              	.LVL82:
 174:Drivers/DHT22/src/dht22.c **** 	uint32_t startTick=HAL_GetTick();
 708              		.loc 1 174 0
ARM GAS  /tmp/ccnVkHon.s 			page 17


 709 0008 FFF7FEFF 		bl	HAL_GetTick
 710              	.LVL83:
 711 000c 0546     		mov	r5, r0
 712              	.LVL84:
 713              	.L62:
 175:Drivers/DHT22/src/dht22.c **** 	while (handle->state == DHT22_RECEIVING && HAL_GetTick()-startTick<1000);
 714              		.loc 1 175 0 discriminator 2
 715 000e 637C     		ldrb	r3, [r4, #17]	@ zero_extendqisi2
 716 0010 012B     		cmp	r3, #1
 717 0012 05D1     		bne	.L61
 718              		.loc 1 175 0 is_stmt 0 discriminator 1
 719 0014 FFF7FEFF 		bl	HAL_GetTick
 720              	.LVL85:
 721 0018 401B     		subs	r0, r0, r5
 722 001a B0F57A7F 		cmp	r0, #1000
 723 001e F6D3     		bcc	.L62
 724              	.L61:
 176:Drivers/DHT22/src/dht22.c **** 	if(handle->crcErrorFlag==1){
 725              		.loc 1 176 0 is_stmt 1
 726 0020 237C     		ldrb	r3, [r4, #16]	@ zero_extendqisi2
 727 0022 012B     		cmp	r3, #1
 728 0024 05D0     		beq	.L64
 177:Drivers/DHT22/src/dht22.c **** 		return DHT22_CRC_ERROR;
 178:Drivers/DHT22/src/dht22.c **** 	}
 179:Drivers/DHT22/src/dht22.c **** 	if(handle->state!=DHT22_RECEIVED){
 729              		.loc 1 179 0
 730 0026 637C     		ldrb	r3, [r4, #17]	@ zero_extendqisi2
 731 0028 2BB9     		cbnz	r3, .L65
 180:Drivers/DHT22/src/dht22.c **** 		return DHT22_ERROR;
 181:Drivers/DHT22/src/dht22.c **** 	}else{
 182:Drivers/DHT22/src/dht22.c **** 		handle->state=DHT22_READY;
 732              		.loc 1 182 0
 733 002a 0223     		movs	r3, #2
 734 002c 6374     		strb	r3, [r4, #17]
 183:Drivers/DHT22/src/dht22.c **** 	}
 184:Drivers/DHT22/src/dht22.c **** 	return DHT22_OK;
 735              		.loc 1 184 0
 736 002e 0020     		movs	r0, #0
 737              	.L63:
 185:Drivers/DHT22/src/dht22.c **** }
 738              		.loc 1 185 0
 739 0030 38BD     		pop	{r3, r4, r5, pc}
 740              	.LVL86:
 741              	.L64:
 177:Drivers/DHT22/src/dht22.c **** 	}
 742              		.loc 1 177 0
 743 0032 0220     		movs	r0, #2
 744 0034 FCE7     		b	.L63
 745              	.L65:
 180:Drivers/DHT22/src/dht22.c **** 	}else{
 746              		.loc 1 180 0
 747 0036 0120     		movs	r0, #1
 748 0038 FAE7     		b	.L63
 749              		.cfi_endproc
 750              	.LFE72:
 752              		.text
 753              	.Letext0:
ARM GAS  /tmp/ccnVkHon.s 			page 18


 754              		.file 2 "Drivers/CMSIS/Device/ST/STM32F1xx/Include/stm32f103xb.h"
 755              		.file 3 "/usr/arm-none-eabi/include/machine/_default_types.h"
 756              		.file 4 "/usr/arm-none-eabi/include/sys/_stdint.h"
 757              		.file 5 "Drivers/CMSIS/Include/core_cm3.h"
 758              		.file 6 "Drivers/CMSIS/Device/ST/STM32F1xx/Include/system_stm32f1xx.h"
 759              		.file 7 "/usr/arm-none-eabi/include/sys/lock.h"
 760              		.file 8 "/usr/arm-none-eabi/include/sys/_types.h"
 761              		.file 9 "/usr/lib/gcc/arm-none-eabi/7.2.1/include/stddef.h"
 762              		.file 10 "/usr/arm-none-eabi/include/sys/reent.h"
 763              		.file 11 "Drivers/STM32F1xx_HAL_Driver/Inc/stm32f1xx_hal_def.h"
 764              		.file 12 "Drivers/STM32F1xx_HAL_Driver/Inc/stm32f1xx_hal_gpio.h"
 765              		.file 13 "Drivers/STM32F1xx_HAL_Driver/Inc/stm32f1xx_hal_dma.h"
 766              		.file 14 "Drivers/STM32F1xx_HAL_Driver/Inc/stm32f1xx_hal_tim.h"
 767              		.file 15 "Drivers/DHT22/inc/dht22.h"
 768              		.file 16 "Drivers/STM32F1xx_HAL_Driver/Inc/stm32f1xx_hal.h"
 769              		.file 17 "Drivers/STM32F1xx_HAL_Driver/Inc/stm32f1xx_hal_rcc.h"
 770              		.file 18 "Drivers/STM32F1xx_HAL_Driver/Inc/stm32f1xx_hal_cortex.h"
ARM GAS  /tmp/ccnVkHon.s 			page 19


DEFINED SYMBOLS
                            *ABS*:0000000000000000 dht22.c
     /tmp/ccnVkHon.s:16     .text.DHT22_SetPinOUT:0000000000000000 $t
     /tmp/ccnVkHon.s:23     .text.DHT22_SetPinOUT:0000000000000000 DHT22_SetPinOUT
     /tmp/ccnVkHon.s:72     .text.DHT22_SetPinIN:0000000000000000 $t
     /tmp/ccnVkHon.s:79     .text.DHT22_SetPinIN:0000000000000000 DHT22_SetPinIN
     /tmp/ccnVkHon.s:134    .text.DHT22_Init:0000000000000000 $t
     /tmp/ccnVkHon.s:141    .text.DHT22_Init:0000000000000000 DHT22_Init
     /tmp/ccnVkHon.s:209    .text.DHT22_DeInit:0000000000000000 $t
     /tmp/ccnVkHon.s:216    .text.DHT22_DeInit:0000000000000000 DHT22_DeInit
     /tmp/ccnVkHon.s:232    .text.DHT22_InitiateTransfer:0000000000000000 $t
     /tmp/ccnVkHon.s:239    .text.DHT22_InitiateTransfer:0000000000000000 DHT22_InitiateTransfer
     /tmp/ccnVkHon.s:321    .text.DHT22_InterruptHandler:0000000000000000 $t
     /tmp/ccnVkHon.s:328    .text.DHT22_InterruptHandler:0000000000000000 DHT22_InterruptHandler
     /tmp/ccnVkHon.s:667    .text.DHT22_InterruptHandler:00000000000001c0 $d
     /tmp/ccnVkHon.s:683    .text.DHT22_ReadData:0000000000000000 $t
     /tmp/ccnVkHon.s:690    .text.DHT22_ReadData:0000000000000000 DHT22_ReadData

UNDEFINED SYMBOLS
HAL_NVIC_DisableIRQ
HAL_GPIO_Init
HAL_NVIC_EnableIRQ
HAL_NVIC_SetPriority
HAL_TIM_IC_Init
HAL_TIM_IC_ConfigChannel
HAL_GPIO_WritePin
HAL_Delay
HAL_TIM_IC_Start_IT
__aeabi_i2d
__aeabi_dmul
__aeabi_ui2d
__aeabi_ddiv
__aeabi_d2f
__aeabi_fcmpgt
__aeabi_fcmplt
HAL_TIM_ReadCapturedValue
HAL_RCC_GetPCLK2Freq
HAL_TIM_IC_Stop_IT
HAL_GetTick
