ARM GAS  /tmp/ccGQdmVo.s 			page 1


   1              		.cpu cortex-m3
   2              		.eabi_attribute 20, 1
   3              		.eabi_attribute 21, 1
   4              		.eabi_attribute 23, 3
   5              		.eabi_attribute 24, 1
   6              		.eabi_attribute 25, 1
   7              		.eabi_attribute 26, 1
   8              		.eabi_attribute 30, 1
   9              		.eabi_attribute 34, 1
  10              		.eabi_attribute 18, 4
  11              		.file	"stm32f1xx_hal_msp.c"
  12              		.text
  13              	.Ltext0:
  14              		.cfi_sections	.debug_frame
  15              		.section	.text.HAL_MspInit,"ax",%progbits
  16              		.align	1
  17              		.global	HAL_MspInit
  18              		.syntax unified
  19              		.thumb
  20              		.thumb_func
  21              		.fpu softvfp
  23              	HAL_MspInit:
  24              	.LFB66:
  25              		.file 1 "Src/stm32f1xx_hal_msp.c"
   1:Src/stm32f1xx_hal_msp.c **** /**
   2:Src/stm32f1xx_hal_msp.c ****   ******************************************************************************
   3:Src/stm32f1xx_hal_msp.c ****   * File Name          : stm32f1xx_hal_msp.c
   4:Src/stm32f1xx_hal_msp.c ****   * Description        : This file provides code for the MSP Initialization 
   5:Src/stm32f1xx_hal_msp.c ****   *                      and de-Initialization codes.
   6:Src/stm32f1xx_hal_msp.c ****   ******************************************************************************
   7:Src/stm32f1xx_hal_msp.c ****   ** This notice applies to any and all portions of this file
   8:Src/stm32f1xx_hal_msp.c ****   * that are not between comment pairs USER CODE BEGIN and
   9:Src/stm32f1xx_hal_msp.c ****   * USER CODE END. Other portions of this file, whether 
  10:Src/stm32f1xx_hal_msp.c ****   * inserted by the user or by software development tools
  11:Src/stm32f1xx_hal_msp.c ****   * are owned by their respective copyright owners.
  12:Src/stm32f1xx_hal_msp.c ****   *
  13:Src/stm32f1xx_hal_msp.c ****   * COPYRIGHT(c) 2017 STMicroelectronics
  14:Src/stm32f1xx_hal_msp.c ****   *
  15:Src/stm32f1xx_hal_msp.c ****   * Redistribution and use in source and binary forms, with or without modification,
  16:Src/stm32f1xx_hal_msp.c ****   * are permitted provided that the following conditions are met:
  17:Src/stm32f1xx_hal_msp.c ****   *   1. Redistributions of source code must retain the above copyright notice,
  18:Src/stm32f1xx_hal_msp.c ****   *      this list of conditions and the following disclaimer.
  19:Src/stm32f1xx_hal_msp.c ****   *   2. Redistributions in binary form must reproduce the above copyright notice,
  20:Src/stm32f1xx_hal_msp.c ****   *      this list of conditions and the following disclaimer in the documentation
  21:Src/stm32f1xx_hal_msp.c ****   *      and/or other materials provided with the distribution.
  22:Src/stm32f1xx_hal_msp.c ****   *   3. Neither the name of STMicroelectronics nor the names of its contributors
  23:Src/stm32f1xx_hal_msp.c ****   *      may be used to endorse or promote products derived from this software
  24:Src/stm32f1xx_hal_msp.c ****   *      without specific prior written permission.
  25:Src/stm32f1xx_hal_msp.c ****   *
  26:Src/stm32f1xx_hal_msp.c ****   * THIS SOFTWARE IS PROVIDED BY THE COPYRIGHT HOLDERS AND CONTRIBUTORS "AS IS"
  27:Src/stm32f1xx_hal_msp.c ****   * AND ANY EXPRESS OR IMPLIED WARRANTIES, INCLUDING, BUT NOT LIMITED TO, THE
  28:Src/stm32f1xx_hal_msp.c ****   * IMPLIED WARRANTIES OF MERCHANTABILITY AND FITNESS FOR A PARTICULAR PURPOSE ARE
  29:Src/stm32f1xx_hal_msp.c ****   * DISCLAIMED. IN NO EVENT SHALL THE COPYRIGHT HOLDER OR CONTRIBUTORS BE LIABLE
  30:Src/stm32f1xx_hal_msp.c ****   * FOR ANY DIRECT, INDIRECT, INCIDENTAL, SPECIAL, EXEMPLARY, OR CONSEQUENTIAL
  31:Src/stm32f1xx_hal_msp.c ****   * DAMAGES (INCLUDING, BUT NOT LIMITED TO, PROCUREMENT OF SUBSTITUTE GOODS OR
  32:Src/stm32f1xx_hal_msp.c ****   * SERVICES; LOSS OF USE, DATA, OR PROFITS; OR BUSINESS INTERRUPTION) HOWEVER
  33:Src/stm32f1xx_hal_msp.c ****   * CAUSED AND ON ANY THEORY OF LIABILITY, WHETHER IN CONTRACT, STRICT LIABILITY,
ARM GAS  /tmp/ccGQdmVo.s 			page 2


  34:Src/stm32f1xx_hal_msp.c ****   * OR TORT (INCLUDING NEGLIGENCE OR OTHERWISE) ARISING IN ANY WAY OUT OF THE USE
  35:Src/stm32f1xx_hal_msp.c ****   * OF THIS SOFTWARE, EVEN IF ADVISED OF THE POSSIBILITY OF SUCH DAMAGE.
  36:Src/stm32f1xx_hal_msp.c ****   *
  37:Src/stm32f1xx_hal_msp.c ****   ******************************************************************************
  38:Src/stm32f1xx_hal_msp.c ****   */
  39:Src/stm32f1xx_hal_msp.c **** /* Includes ------------------------------------------------------------------*/
  40:Src/stm32f1xx_hal_msp.c **** #include "stm32f1xx_hal.h"
  41:Src/stm32f1xx_hal_msp.c **** 
  42:Src/stm32f1xx_hal_msp.c **** extern DMA_HandleTypeDef hdma_usart1_tx;
  43:Src/stm32f1xx_hal_msp.c **** 
  44:Src/stm32f1xx_hal_msp.c **** extern void _Error_Handler(char *, int);
  45:Src/stm32f1xx_hal_msp.c **** /* USER CODE BEGIN 0 */
  46:Src/stm32f1xx_hal_msp.c **** 
  47:Src/stm32f1xx_hal_msp.c **** /* USER CODE END 0 */
  48:Src/stm32f1xx_hal_msp.c **** /**
  49:Src/stm32f1xx_hal_msp.c ****   * Initializes the Global MSP.
  50:Src/stm32f1xx_hal_msp.c ****   */
  51:Src/stm32f1xx_hal_msp.c **** void HAL_MspInit(void)
  52:Src/stm32f1xx_hal_msp.c **** {
  26              		.loc 1 52 0
  27              		.cfi_startproc
  28              		@ args = 0, pretend = 0, frame = 8
  29              		@ frame_needed = 0, uses_anonymous_args = 0
  30 0000 00B5     		push	{lr}
  31              	.LCFI0:
  32              		.cfi_def_cfa_offset 4
  33              		.cfi_offset 14, -4
  34 0002 83B0     		sub	sp, sp, #12
  35              	.LCFI1:
  36              		.cfi_def_cfa_offset 16
  37              	.LBB2:
  53:Src/stm32f1xx_hal_msp.c ****   /* USER CODE BEGIN MspInit 0 */
  54:Src/stm32f1xx_hal_msp.c **** 
  55:Src/stm32f1xx_hal_msp.c ****   /* USER CODE END MspInit 0 */
  56:Src/stm32f1xx_hal_msp.c **** 
  57:Src/stm32f1xx_hal_msp.c ****   __HAL_RCC_AFIO_CLK_ENABLE();
  38              		.loc 1 57 0
  39 0004 214B     		ldr	r3, .L3
  40 0006 9A69     		ldr	r2, [r3, #24]
  41 0008 42F00102 		orr	r2, r2, #1
  42 000c 9A61     		str	r2, [r3, #24]
  43 000e 9B69     		ldr	r3, [r3, #24]
  44 0010 03F00103 		and	r3, r3, #1
  45 0014 0193     		str	r3, [sp, #4]
  46 0016 019B     		ldr	r3, [sp, #4]
  47              	.LBE2:
  58:Src/stm32f1xx_hal_msp.c **** 
  59:Src/stm32f1xx_hal_msp.c ****   HAL_NVIC_SetPriorityGrouping(NVIC_PRIORITYGROUP_4);
  48              		.loc 1 59 0
  49 0018 0320     		movs	r0, #3
  50 001a FFF7FEFF 		bl	HAL_NVIC_SetPriorityGrouping
  51              	.LVL0:
  60:Src/stm32f1xx_hal_msp.c **** 
  61:Src/stm32f1xx_hal_msp.c ****   /* System interrupt init*/
  62:Src/stm32f1xx_hal_msp.c ****   /* MemoryManagement_IRQn interrupt configuration */
  63:Src/stm32f1xx_hal_msp.c ****   HAL_NVIC_SetPriority(MemoryManagement_IRQn, 0, 0);
  52              		.loc 1 63 0
ARM GAS  /tmp/ccGQdmVo.s 			page 3


  53 001e 0022     		movs	r2, #0
  54 0020 1146     		mov	r1, r2
  55 0022 6FF00B00 		mvn	r0, #11
  56 0026 FFF7FEFF 		bl	HAL_NVIC_SetPriority
  57              	.LVL1:
  64:Src/stm32f1xx_hal_msp.c ****   /* BusFault_IRQn interrupt configuration */
  65:Src/stm32f1xx_hal_msp.c ****   HAL_NVIC_SetPriority(BusFault_IRQn, 0, 0);
  58              		.loc 1 65 0
  59 002a 0022     		movs	r2, #0
  60 002c 1146     		mov	r1, r2
  61 002e 6FF00A00 		mvn	r0, #10
  62 0032 FFF7FEFF 		bl	HAL_NVIC_SetPriority
  63              	.LVL2:
  66:Src/stm32f1xx_hal_msp.c ****   /* UsageFault_IRQn interrupt configuration */
  67:Src/stm32f1xx_hal_msp.c ****   HAL_NVIC_SetPriority(UsageFault_IRQn, 0, 0);
  64              		.loc 1 67 0
  65 0036 0022     		movs	r2, #0
  66 0038 1146     		mov	r1, r2
  67 003a 6FF00900 		mvn	r0, #9
  68 003e FFF7FEFF 		bl	HAL_NVIC_SetPriority
  69              	.LVL3:
  68:Src/stm32f1xx_hal_msp.c ****   /* SVCall_IRQn interrupt configuration */
  69:Src/stm32f1xx_hal_msp.c ****   HAL_NVIC_SetPriority(SVCall_IRQn, 0, 0);
  70              		.loc 1 69 0
  71 0042 0022     		movs	r2, #0
  72 0044 1146     		mov	r1, r2
  73 0046 6FF00400 		mvn	r0, #4
  74 004a FFF7FEFF 		bl	HAL_NVIC_SetPriority
  75              	.LVL4:
  70:Src/stm32f1xx_hal_msp.c ****   /* DebugMonitor_IRQn interrupt configuration */
  71:Src/stm32f1xx_hal_msp.c ****   HAL_NVIC_SetPriority(DebugMonitor_IRQn, 0, 0);
  76              		.loc 1 71 0
  77 004e 0022     		movs	r2, #0
  78 0050 1146     		mov	r1, r2
  79 0052 6FF00300 		mvn	r0, #3
  80 0056 FFF7FEFF 		bl	HAL_NVIC_SetPriority
  81              	.LVL5:
  72:Src/stm32f1xx_hal_msp.c ****   /* PendSV_IRQn interrupt configuration */
  73:Src/stm32f1xx_hal_msp.c ****   HAL_NVIC_SetPriority(PendSV_IRQn, 0, 0);
  82              		.loc 1 73 0
  83 005a 0022     		movs	r2, #0
  84 005c 1146     		mov	r1, r2
  85 005e 6FF00100 		mvn	r0, #1
  86 0062 FFF7FEFF 		bl	HAL_NVIC_SetPriority
  87              	.LVL6:
  74:Src/stm32f1xx_hal_msp.c ****   /* SysTick_IRQn interrupt configuration */
  75:Src/stm32f1xx_hal_msp.c ****   HAL_NVIC_SetPriority(SysTick_IRQn, 0, 0);
  88              		.loc 1 75 0
  89 0066 0022     		movs	r2, #0
  90 0068 1146     		mov	r1, r2
  91 006a 4FF0FF30 		mov	r0, #-1
  92 006e FFF7FEFF 		bl	HAL_NVIC_SetPriority
  93              	.LVL7:
  76:Src/stm32f1xx_hal_msp.c **** 
  77:Src/stm32f1xx_hal_msp.c ****     /**DISABLE: JTAG-DP Disabled and SW-DP Disabled 
  78:Src/stm32f1xx_hal_msp.c ****     */
  79:Src/stm32f1xx_hal_msp.c ****   __HAL_AFIO_REMAP_SWJ_DISABLE();
ARM GAS  /tmp/ccGQdmVo.s 			page 4


  94              		.loc 1 79 0
  95 0072 074B     		ldr	r3, .L3+4
  96 0074 5A68     		ldr	r2, [r3, #4]
  97 0076 22F0E062 		bic	r2, r2, #117440512
  98 007a 5A60     		str	r2, [r3, #4]
  99 007c 5A68     		ldr	r2, [r3, #4]
 100 007e 42F08062 		orr	r2, r2, #67108864
 101 0082 5A60     		str	r2, [r3, #4]
  80:Src/stm32f1xx_hal_msp.c **** 
  81:Src/stm32f1xx_hal_msp.c ****   /* USER CODE BEGIN MspInit 1 */
  82:Src/stm32f1xx_hal_msp.c **** 
  83:Src/stm32f1xx_hal_msp.c ****   /* USER CODE END MspInit 1 */
  84:Src/stm32f1xx_hal_msp.c **** }
 102              		.loc 1 84 0
 103 0084 03B0     		add	sp, sp, #12
 104              	.LCFI2:
 105              		.cfi_def_cfa_offset 4
 106              		@ sp needed
 107 0086 5DF804FB 		ldr	pc, [sp], #4
 108              	.L4:
 109 008a 00BF     		.align	2
 110              	.L3:
 111 008c 00100240 		.word	1073876992
 112 0090 00000140 		.word	1073807360
 113              		.cfi_endproc
 114              	.LFE66:
 116              		.section	.text.HAL_TIM_IC_MspInit,"ax",%progbits
 117              		.align	1
 118              		.global	HAL_TIM_IC_MspInit
 119              		.syntax unified
 120              		.thumb
 121              		.thumb_func
 122              		.fpu softvfp
 124              	HAL_TIM_IC_MspInit:
 125              	.LFB67:
  85:Src/stm32f1xx_hal_msp.c **** 
  86:Src/stm32f1xx_hal_msp.c **** void HAL_TIM_IC_MspInit(TIM_HandleTypeDef* htim_ic)
  87:Src/stm32f1xx_hal_msp.c **** {
 126              		.loc 1 87 0
 127              		.cfi_startproc
 128              		@ args = 0, pretend = 0, frame = 24
 129              		@ frame_needed = 0, uses_anonymous_args = 0
 130              	.LVL8:
  88:Src/stm32f1xx_hal_msp.c **** 
  89:Src/stm32f1xx_hal_msp.c ****   GPIO_InitTypeDef GPIO_InitStruct;
  90:Src/stm32f1xx_hal_msp.c ****   if(htim_ic->Instance==TIM3)
 131              		.loc 1 90 0
 132 0000 0268     		ldr	r2, [r0]
 133 0002 0E4B     		ldr	r3, .L12
 134 0004 9A42     		cmp	r2, r3
 135 0006 00D0     		beq	.L11
 136 0008 7047     		bx	lr
 137              	.L11:
  87:Src/stm32f1xx_hal_msp.c **** 
 138              		.loc 1 87 0
 139 000a 00B5     		push	{lr}
 140              	.LCFI3:
ARM GAS  /tmp/ccGQdmVo.s 			page 5


 141              		.cfi_def_cfa_offset 4
 142              		.cfi_offset 14, -4
 143 000c 87B0     		sub	sp, sp, #28
 144              	.LCFI4:
 145              		.cfi_def_cfa_offset 32
 146              	.LBB3:
  91:Src/stm32f1xx_hal_msp.c ****   {
  92:Src/stm32f1xx_hal_msp.c ****   /* USER CODE BEGIN TIM3_MspInit 0 */
  93:Src/stm32f1xx_hal_msp.c **** 
  94:Src/stm32f1xx_hal_msp.c ****   /* USER CODE END TIM3_MspInit 0 */
  95:Src/stm32f1xx_hal_msp.c ****     /* Peripheral clock enable */
  96:Src/stm32f1xx_hal_msp.c ****     __HAL_RCC_TIM3_CLK_ENABLE();
 147              		.loc 1 96 0
 148 000e 03F50333 		add	r3, r3, #134144
 149 0012 DA69     		ldr	r2, [r3, #28]
 150 0014 42F00202 		orr	r2, r2, #2
 151 0018 DA61     		str	r2, [r3, #28]
 152 001a DB69     		ldr	r3, [r3, #28]
 153 001c 03F00203 		and	r3, r3, #2
 154 0020 0193     		str	r3, [sp, #4]
 155 0022 019B     		ldr	r3, [sp, #4]
 156              	.LBE3:
  97:Src/stm32f1xx_hal_msp.c ****   
  98:Src/stm32f1xx_hal_msp.c ****     /**TIM3 GPIO Configuration    
  99:Src/stm32f1xx_hal_msp.c ****     PA6     ------> TIM3_CH1 
 100:Src/stm32f1xx_hal_msp.c ****     */
 101:Src/stm32f1xx_hal_msp.c ****     GPIO_InitStruct.Pin = GPIO_PIN_6;
 157              		.loc 1 101 0
 158 0024 4023     		movs	r3, #64
 159 0026 0293     		str	r3, [sp, #8]
 102:Src/stm32f1xx_hal_msp.c ****     GPIO_InitStruct.Mode = GPIO_MODE_INPUT;
 160              		.loc 1 102 0
 161 0028 0023     		movs	r3, #0
 162 002a 0393     		str	r3, [sp, #12]
 103:Src/stm32f1xx_hal_msp.c ****     GPIO_InitStruct.Pull = GPIO_NOPULL;
 163              		.loc 1 103 0
 164 002c 0493     		str	r3, [sp, #16]
 104:Src/stm32f1xx_hal_msp.c ****     HAL_GPIO_Init(GPIOA, &GPIO_InitStruct);
 165              		.loc 1 104 0
 166 002e 02A9     		add	r1, sp, #8
 167 0030 0348     		ldr	r0, .L12+4
 168              	.LVL9:
 169 0032 FFF7FEFF 		bl	HAL_GPIO_Init
 170              	.LVL10:
 105:Src/stm32f1xx_hal_msp.c **** 
 106:Src/stm32f1xx_hal_msp.c ****   /* USER CODE BEGIN TIM3_MspInit 1 */
 107:Src/stm32f1xx_hal_msp.c **** 
 108:Src/stm32f1xx_hal_msp.c ****   /* USER CODE END TIM3_MspInit 1 */
 109:Src/stm32f1xx_hal_msp.c ****   }
 110:Src/stm32f1xx_hal_msp.c **** 
 111:Src/stm32f1xx_hal_msp.c **** }
 171              		.loc 1 111 0
 172 0036 07B0     		add	sp, sp, #28
 173              	.LCFI5:
 174              		.cfi_def_cfa_offset 4
 175              		@ sp needed
 176 0038 5DF804FB 		ldr	pc, [sp], #4
ARM GAS  /tmp/ccGQdmVo.s 			page 6


 177              	.L13:
 178              		.align	2
 179              	.L12:
 180 003c 00040040 		.word	1073742848
 181 0040 00080140 		.word	1073809408
 182              		.cfi_endproc
 183              	.LFE67:
 185              		.section	.text.HAL_TIM_IC_MspDeInit,"ax",%progbits
 186              		.align	1
 187              		.global	HAL_TIM_IC_MspDeInit
 188              		.syntax unified
 189              		.thumb
 190              		.thumb_func
 191              		.fpu softvfp
 193              	HAL_TIM_IC_MspDeInit:
 194              	.LFB68:
 112:Src/stm32f1xx_hal_msp.c **** 
 113:Src/stm32f1xx_hal_msp.c **** void HAL_TIM_IC_MspDeInit(TIM_HandleTypeDef* htim_ic)
 114:Src/stm32f1xx_hal_msp.c **** {
 195              		.loc 1 114 0
 196              		.cfi_startproc
 197              		@ args = 0, pretend = 0, frame = 0
 198              		@ frame_needed = 0, uses_anonymous_args = 0
 199              	.LVL11:
 200 0000 08B5     		push	{r3, lr}
 201              	.LCFI6:
 202              		.cfi_def_cfa_offset 8
 203              		.cfi_offset 3, -8
 204              		.cfi_offset 14, -4
 115:Src/stm32f1xx_hal_msp.c **** 
 116:Src/stm32f1xx_hal_msp.c ****   if(htim_ic->Instance==TIM3)
 205              		.loc 1 116 0
 206 0002 0268     		ldr	r2, [r0]
 207 0004 064B     		ldr	r3, .L18
 208 0006 9A42     		cmp	r2, r3
 209 0008 00D0     		beq	.L17
 210              	.LVL12:
 211              	.L14:
 117:Src/stm32f1xx_hal_msp.c ****   {
 118:Src/stm32f1xx_hal_msp.c ****   /* USER CODE BEGIN TIM3_MspDeInit 0 */
 119:Src/stm32f1xx_hal_msp.c **** 
 120:Src/stm32f1xx_hal_msp.c ****   /* USER CODE END TIM3_MspDeInit 0 */
 121:Src/stm32f1xx_hal_msp.c ****     /* Peripheral clock disable */
 122:Src/stm32f1xx_hal_msp.c ****     __HAL_RCC_TIM3_CLK_DISABLE();
 123:Src/stm32f1xx_hal_msp.c ****   
 124:Src/stm32f1xx_hal_msp.c ****     /**TIM3 GPIO Configuration    
 125:Src/stm32f1xx_hal_msp.c ****     PA6     ------> TIM3_CH1 
 126:Src/stm32f1xx_hal_msp.c ****     */
 127:Src/stm32f1xx_hal_msp.c ****     HAL_GPIO_DeInit(GPIOA, GPIO_PIN_6);
 128:Src/stm32f1xx_hal_msp.c **** 
 129:Src/stm32f1xx_hal_msp.c ****   /* USER CODE BEGIN TIM3_MspDeInit 1 */
 130:Src/stm32f1xx_hal_msp.c **** 
 131:Src/stm32f1xx_hal_msp.c ****   /* USER CODE END TIM3_MspDeInit 1 */
 132:Src/stm32f1xx_hal_msp.c ****   }
 133:Src/stm32f1xx_hal_msp.c **** 
 134:Src/stm32f1xx_hal_msp.c **** }
 212              		.loc 1 134 0
ARM GAS  /tmp/ccGQdmVo.s 			page 7


 213 000a 08BD     		pop	{r3, pc}
 214              	.LVL13:
 215              	.L17:
 122:Src/stm32f1xx_hal_msp.c ****   
 216              		.loc 1 122 0
 217 000c 054A     		ldr	r2, .L18+4
 218 000e D369     		ldr	r3, [r2, #28]
 219 0010 23F00203 		bic	r3, r3, #2
 220 0014 D361     		str	r3, [r2, #28]
 127:Src/stm32f1xx_hal_msp.c **** 
 221              		.loc 1 127 0
 222 0016 4021     		movs	r1, #64
 223 0018 0348     		ldr	r0, .L18+8
 224              	.LVL14:
 225 001a FFF7FEFF 		bl	HAL_GPIO_DeInit
 226              	.LVL15:
 227              		.loc 1 134 0
 228 001e F4E7     		b	.L14
 229              	.L19:
 230              		.align	2
 231              	.L18:
 232 0020 00040040 		.word	1073742848
 233 0024 00100240 		.word	1073876992
 234 0028 00080140 		.word	1073809408
 235              		.cfi_endproc
 236              	.LFE68:
 238              		.section	.text.HAL_UART_MspInit,"ax",%progbits
 239              		.align	1
 240              		.global	HAL_UART_MspInit
 241              		.syntax unified
 242              		.thumb
 243              		.thumb_func
 244              		.fpu softvfp
 246              	HAL_UART_MspInit:
 247              	.LFB69:
 135:Src/stm32f1xx_hal_msp.c **** 
 136:Src/stm32f1xx_hal_msp.c **** void HAL_UART_MspInit(UART_HandleTypeDef* huart)
 137:Src/stm32f1xx_hal_msp.c **** {
 248              		.loc 1 137 0
 249              		.cfi_startproc
 250              		@ args = 0, pretend = 0, frame = 24
 251              		@ frame_needed = 0, uses_anonymous_args = 0
 252              	.LVL16:
 138:Src/stm32f1xx_hal_msp.c **** 
 139:Src/stm32f1xx_hal_msp.c ****   GPIO_InitTypeDef GPIO_InitStruct;
 140:Src/stm32f1xx_hal_msp.c ****   if(huart->Instance==USART1)
 253              		.loc 1 140 0
 254 0000 0268     		ldr	r2, [r0]
 255 0002 204B     		ldr	r3, .L29
 256 0004 9A42     		cmp	r2, r3
 257 0006 00D0     		beq	.L27
 258 0008 7047     		bx	lr
 259              	.L27:
 137:Src/stm32f1xx_hal_msp.c **** 
 260              		.loc 1 137 0
 261 000a 70B5     		push	{r4, r5, r6, lr}
 262              	.LCFI7:
ARM GAS  /tmp/ccGQdmVo.s 			page 8


 263              		.cfi_def_cfa_offset 16
 264              		.cfi_offset 4, -16
 265              		.cfi_offset 5, -12
 266              		.cfi_offset 6, -8
 267              		.cfi_offset 14, -4
 268 000c 86B0     		sub	sp, sp, #24
 269              	.LCFI8:
 270              		.cfi_def_cfa_offset 40
 271 000e 0446     		mov	r4, r0
 272              	.LBB4:
 141:Src/stm32f1xx_hal_msp.c ****   {
 142:Src/stm32f1xx_hal_msp.c ****   /* USER CODE BEGIN USART1_MspInit 0 */
 143:Src/stm32f1xx_hal_msp.c **** 
 144:Src/stm32f1xx_hal_msp.c ****   /* USER CODE END USART1_MspInit 0 */
 145:Src/stm32f1xx_hal_msp.c ****     /* Peripheral clock enable */
 146:Src/stm32f1xx_hal_msp.c ****     __HAL_RCC_USART1_CLK_ENABLE();
 273              		.loc 1 146 0
 274 0010 03F55843 		add	r3, r3, #55296
 275 0014 9A69     		ldr	r2, [r3, #24]
 276 0016 42F48042 		orr	r2, r2, #16384
 277 001a 9A61     		str	r2, [r3, #24]
 278 001c 9B69     		ldr	r3, [r3, #24]
 279 001e 03F48043 		and	r3, r3, #16384
 280 0022 0193     		str	r3, [sp, #4]
 281 0024 019B     		ldr	r3, [sp, #4]
 282              	.LBE4:
 147:Src/stm32f1xx_hal_msp.c ****   
 148:Src/stm32f1xx_hal_msp.c ****     /**USART1 GPIO Configuration    
 149:Src/stm32f1xx_hal_msp.c ****     PA9     ------> USART1_TX
 150:Src/stm32f1xx_hal_msp.c ****     PA10     ------> USART1_RX 
 151:Src/stm32f1xx_hal_msp.c ****     */
 152:Src/stm32f1xx_hal_msp.c ****     GPIO_InitStruct.Pin = GPIO_PIN_9;
 283              		.loc 1 152 0
 284 0026 4FF40073 		mov	r3, #512
 285 002a 0293     		str	r3, [sp, #8]
 153:Src/stm32f1xx_hal_msp.c ****     GPIO_InitStruct.Mode = GPIO_MODE_AF_PP;
 286              		.loc 1 153 0
 287 002c 0223     		movs	r3, #2
 288 002e 0393     		str	r3, [sp, #12]
 154:Src/stm32f1xx_hal_msp.c ****     GPIO_InitStruct.Speed = GPIO_SPEED_FREQ_HIGH;
 289              		.loc 1 154 0
 290 0030 0323     		movs	r3, #3
 291 0032 0593     		str	r3, [sp, #20]
 155:Src/stm32f1xx_hal_msp.c ****     HAL_GPIO_Init(GPIOA, &GPIO_InitStruct);
 292              		.loc 1 155 0
 293 0034 144E     		ldr	r6, .L29+4
 294 0036 02A9     		add	r1, sp, #8
 295 0038 3046     		mov	r0, r6
 296              	.LVL17:
 297 003a FFF7FEFF 		bl	HAL_GPIO_Init
 298              	.LVL18:
 156:Src/stm32f1xx_hal_msp.c **** 
 157:Src/stm32f1xx_hal_msp.c ****     GPIO_InitStruct.Pin = GPIO_PIN_10;
 299              		.loc 1 157 0
 300 003e 4FF48063 		mov	r3, #1024
 301 0042 0293     		str	r3, [sp, #8]
 158:Src/stm32f1xx_hal_msp.c ****     GPIO_InitStruct.Mode = GPIO_MODE_INPUT;
ARM GAS  /tmp/ccGQdmVo.s 			page 9


 302              		.loc 1 158 0
 303 0044 0025     		movs	r5, #0
 304 0046 0395     		str	r5, [sp, #12]
 159:Src/stm32f1xx_hal_msp.c ****     GPIO_InitStruct.Pull = GPIO_NOPULL;
 305              		.loc 1 159 0
 306 0048 0495     		str	r5, [sp, #16]
 160:Src/stm32f1xx_hal_msp.c ****     HAL_GPIO_Init(GPIOA, &GPIO_InitStruct);
 307              		.loc 1 160 0
 308 004a 02A9     		add	r1, sp, #8
 309 004c 3046     		mov	r0, r6
 310 004e FFF7FEFF 		bl	HAL_GPIO_Init
 311              	.LVL19:
 161:Src/stm32f1xx_hal_msp.c **** 
 162:Src/stm32f1xx_hal_msp.c ****     /* USART1 DMA Init */
 163:Src/stm32f1xx_hal_msp.c ****     /* USART1_TX Init */
 164:Src/stm32f1xx_hal_msp.c ****     hdma_usart1_tx.Instance = DMA1_Channel4;
 312              		.loc 1 164 0
 313 0052 0E48     		ldr	r0, .L29+8
 314 0054 0E4B     		ldr	r3, .L29+12
 315 0056 0360     		str	r3, [r0]
 165:Src/stm32f1xx_hal_msp.c ****     hdma_usart1_tx.Init.Direction = DMA_MEMORY_TO_PERIPH;
 316              		.loc 1 165 0
 317 0058 1023     		movs	r3, #16
 318 005a 4360     		str	r3, [r0, #4]
 166:Src/stm32f1xx_hal_msp.c ****     hdma_usart1_tx.Init.PeriphInc = DMA_PINC_DISABLE;
 319              		.loc 1 166 0
 320 005c 8560     		str	r5, [r0, #8]
 167:Src/stm32f1xx_hal_msp.c ****     hdma_usart1_tx.Init.MemInc = DMA_MINC_ENABLE;
 321              		.loc 1 167 0
 322 005e 8023     		movs	r3, #128
 323 0060 C360     		str	r3, [r0, #12]
 168:Src/stm32f1xx_hal_msp.c ****     hdma_usart1_tx.Init.PeriphDataAlignment = DMA_PDATAALIGN_BYTE;
 324              		.loc 1 168 0
 325 0062 0561     		str	r5, [r0, #16]
 169:Src/stm32f1xx_hal_msp.c ****     hdma_usart1_tx.Init.MemDataAlignment = DMA_MDATAALIGN_BYTE;
 326              		.loc 1 169 0
 327 0064 4561     		str	r5, [r0, #20]
 170:Src/stm32f1xx_hal_msp.c ****     hdma_usart1_tx.Init.Mode = DMA_NORMAL;
 328              		.loc 1 170 0
 329 0066 8561     		str	r5, [r0, #24]
 171:Src/stm32f1xx_hal_msp.c ****     hdma_usart1_tx.Init.Priority = DMA_PRIORITY_LOW;
 330              		.loc 1 171 0
 331 0068 C561     		str	r5, [r0, #28]
 172:Src/stm32f1xx_hal_msp.c ****     if (HAL_DMA_Init(&hdma_usart1_tx) != HAL_OK)
 332              		.loc 1 172 0
 333 006a FFF7FEFF 		bl	HAL_DMA_Init
 334              	.LVL20:
 335 006e 20B9     		cbnz	r0, .L28
 336              	.L22:
 173:Src/stm32f1xx_hal_msp.c ****     {
 174:Src/stm32f1xx_hal_msp.c ****       _Error_Handler(__FILE__, __LINE__);
 175:Src/stm32f1xx_hal_msp.c ****     }
 176:Src/stm32f1xx_hal_msp.c **** 
 177:Src/stm32f1xx_hal_msp.c ****     __HAL_LINKDMA(huart,hdmatx,hdma_usart1_tx);
 337              		.loc 1 177 0
 338 0070 064B     		ldr	r3, .L29+8
 339 0072 2363     		str	r3, [r4, #48]
ARM GAS  /tmp/ccGQdmVo.s 			page 10


 340 0074 5C62     		str	r4, [r3, #36]
 178:Src/stm32f1xx_hal_msp.c **** 
 179:Src/stm32f1xx_hal_msp.c ****   /* USER CODE BEGIN USART1_MspInit 1 */
 180:Src/stm32f1xx_hal_msp.c **** 
 181:Src/stm32f1xx_hal_msp.c ****   /* USER CODE END USART1_MspInit 1 */
 182:Src/stm32f1xx_hal_msp.c ****   }
 183:Src/stm32f1xx_hal_msp.c **** 
 184:Src/stm32f1xx_hal_msp.c **** }
 341              		.loc 1 184 0
 342 0076 06B0     		add	sp, sp, #24
 343              	.LCFI9:
 344              		.cfi_remember_state
 345              		.cfi_def_cfa_offset 16
 346              		@ sp needed
 347 0078 70BD     		pop	{r4, r5, r6, pc}
 348              	.LVL21:
 349              	.L28:
 350              	.LCFI10:
 351              		.cfi_restore_state
 174:Src/stm32f1xx_hal_msp.c ****     }
 352              		.loc 1 174 0
 353 007a AE21     		movs	r1, #174
 354 007c 0548     		ldr	r0, .L29+16
 355 007e FFF7FEFF 		bl	_Error_Handler
 356              	.LVL22:
 357 0082 F5E7     		b	.L22
 358              	.L30:
 359              		.align	2
 360              	.L29:
 361 0084 00380140 		.word	1073821696
 362 0088 00080140 		.word	1073809408
 363 008c 00000000 		.word	hdma_usart1_tx
 364 0090 44000240 		.word	1073872964
 365 0094 00000000 		.word	.LC0
 366              		.cfi_endproc
 367              	.LFE69:
 369              		.section	.text.HAL_UART_MspDeInit,"ax",%progbits
 370              		.align	1
 371              		.global	HAL_UART_MspDeInit
 372              		.syntax unified
 373              		.thumb
 374              		.thumb_func
 375              		.fpu softvfp
 377              	HAL_UART_MspDeInit:
 378              	.LFB70:
 185:Src/stm32f1xx_hal_msp.c **** 
 186:Src/stm32f1xx_hal_msp.c **** void HAL_UART_MspDeInit(UART_HandleTypeDef* huart)
 187:Src/stm32f1xx_hal_msp.c **** {
 379              		.loc 1 187 0
 380              		.cfi_startproc
 381              		@ args = 0, pretend = 0, frame = 0
 382              		@ frame_needed = 0, uses_anonymous_args = 0
 383              	.LVL23:
 188:Src/stm32f1xx_hal_msp.c **** 
 189:Src/stm32f1xx_hal_msp.c ****   if(huart->Instance==USART1)
 384              		.loc 1 189 0
 385 0000 0268     		ldr	r2, [r0]
ARM GAS  /tmp/ccGQdmVo.s 			page 11


 386 0002 0A4B     		ldr	r3, .L38
 387 0004 9A42     		cmp	r2, r3
 388 0006 00D0     		beq	.L37
 389 0008 7047     		bx	lr
 390              	.L37:
 187:Src/stm32f1xx_hal_msp.c **** 
 391              		.loc 1 187 0
 392 000a 10B5     		push	{r4, lr}
 393              	.LCFI11:
 394              		.cfi_def_cfa_offset 8
 395              		.cfi_offset 4, -8
 396              		.cfi_offset 14, -4
 397 000c 0446     		mov	r4, r0
 190:Src/stm32f1xx_hal_msp.c ****   {
 191:Src/stm32f1xx_hal_msp.c ****   /* USER CODE BEGIN USART1_MspDeInit 0 */
 192:Src/stm32f1xx_hal_msp.c **** 
 193:Src/stm32f1xx_hal_msp.c ****   /* USER CODE END USART1_MspDeInit 0 */
 194:Src/stm32f1xx_hal_msp.c ****     /* Peripheral clock disable */
 195:Src/stm32f1xx_hal_msp.c ****     __HAL_RCC_USART1_CLK_DISABLE();
 398              		.loc 1 195 0
 399 000e 084A     		ldr	r2, .L38+4
 400 0010 9369     		ldr	r3, [r2, #24]
 401 0012 23F48043 		bic	r3, r3, #16384
 402 0016 9361     		str	r3, [r2, #24]
 196:Src/stm32f1xx_hal_msp.c ****   
 197:Src/stm32f1xx_hal_msp.c ****     /**USART1 GPIO Configuration    
 198:Src/stm32f1xx_hal_msp.c ****     PA9     ------> USART1_TX
 199:Src/stm32f1xx_hal_msp.c ****     PA10     ------> USART1_RX 
 200:Src/stm32f1xx_hal_msp.c ****     */
 201:Src/stm32f1xx_hal_msp.c ****     HAL_GPIO_DeInit(GPIOA, GPIO_PIN_9|GPIO_PIN_10);
 403              		.loc 1 201 0
 404 0018 4FF4C061 		mov	r1, #1536
 405 001c 0548     		ldr	r0, .L38+8
 406              	.LVL24:
 407 001e FFF7FEFF 		bl	HAL_GPIO_DeInit
 408              	.LVL25:
 202:Src/stm32f1xx_hal_msp.c **** 
 203:Src/stm32f1xx_hal_msp.c ****     /* USART1 DMA DeInit */
 204:Src/stm32f1xx_hal_msp.c ****     HAL_DMA_DeInit(huart->hdmatx);
 409              		.loc 1 204 0
 410 0022 206B     		ldr	r0, [r4, #48]
 411 0024 FFF7FEFF 		bl	HAL_DMA_DeInit
 412              	.LVL26:
 205:Src/stm32f1xx_hal_msp.c ****   /* USER CODE BEGIN USART1_MspDeInit 1 */
 206:Src/stm32f1xx_hal_msp.c **** 
 207:Src/stm32f1xx_hal_msp.c ****   /* USER CODE END USART1_MspDeInit 1 */
 208:Src/stm32f1xx_hal_msp.c ****   }
 209:Src/stm32f1xx_hal_msp.c **** 
 210:Src/stm32f1xx_hal_msp.c **** }
 413              		.loc 1 210 0
 414 0028 10BD     		pop	{r4, pc}
 415              	.LVL27:
 416              	.L39:
 417 002a 00BF     		.align	2
 418              	.L38:
 419 002c 00380140 		.word	1073821696
 420 0030 00100240 		.word	1073876992
ARM GAS  /tmp/ccGQdmVo.s 			page 12


 421 0034 00080140 		.word	1073809408
 422              		.cfi_endproc
 423              	.LFE70:
 425              		.section	.rodata.HAL_UART_MspInit.str1.4,"aMS",%progbits,1
 426              		.align	2
 427              	.LC0:
 428 0000 5372632F 		.ascii	"Src/stm32f1xx_hal_msp.c\000"
 428      73746D33 
 428      32663178 
 428      785F6861 
 428      6C5F6D73 
 429              		.text
 430              	.Letext0:
 431              		.file 2 "/usr/arm-none-eabi/include/machine/_default_types.h"
 432              		.file 3 "/usr/arm-none-eabi/include/sys/_stdint.h"
 433              		.file 4 "Drivers/CMSIS/Include/core_cm3.h"
 434              		.file 5 "Drivers/CMSIS/Device/ST/STM32F1xx/Include/system_stm32f1xx.h"
 435              		.file 6 "Drivers/CMSIS/Device/ST/STM32F1xx/Include/stm32f103xb.h"
 436              		.file 7 "/usr/arm-none-eabi/include/sys/lock.h"
 437              		.file 8 "/usr/arm-none-eabi/include/sys/_types.h"
 438              		.file 9 "/usr/lib/gcc/arm-none-eabi/7.2.1/include/stddef.h"
 439              		.file 10 "/usr/arm-none-eabi/include/sys/reent.h"
 440              		.file 11 "Drivers/STM32F1xx_HAL_Driver/Inc/stm32f1xx_hal_def.h"
 441              		.file 12 "Drivers/STM32F1xx_HAL_Driver/Inc/stm32f1xx_hal_gpio.h"
 442              		.file 13 "Drivers/STM32F1xx_HAL_Driver/Inc/stm32f1xx_hal_dma.h"
 443              		.file 14 "Drivers/STM32F1xx_HAL_Driver/Inc/stm32f1xx_hal_tim.h"
 444              		.file 15 "Drivers/STM32F1xx_HAL_Driver/Inc/stm32f1xx_hal_uart.h"
 445              		.file 16 "Drivers/STM32F1xx_HAL_Driver/Inc/stm32f1xx_hal_cortex.h"
ARM GAS  /tmp/ccGQdmVo.s 			page 13


DEFINED SYMBOLS
                            *ABS*:0000000000000000 stm32f1xx_hal_msp.c
     /tmp/ccGQdmVo.s:16     .text.HAL_MspInit:0000000000000000 $t
     /tmp/ccGQdmVo.s:23     .text.HAL_MspInit:0000000000000000 HAL_MspInit
     /tmp/ccGQdmVo.s:111    .text.HAL_MspInit:000000000000008c $d
     /tmp/ccGQdmVo.s:117    .text.HAL_TIM_IC_MspInit:0000000000000000 $t
     /tmp/ccGQdmVo.s:124    .text.HAL_TIM_IC_MspInit:0000000000000000 HAL_TIM_IC_MspInit
     /tmp/ccGQdmVo.s:180    .text.HAL_TIM_IC_MspInit:000000000000003c $d
     /tmp/ccGQdmVo.s:186    .text.HAL_TIM_IC_MspDeInit:0000000000000000 $t
     /tmp/ccGQdmVo.s:193    .text.HAL_TIM_IC_MspDeInit:0000000000000000 HAL_TIM_IC_MspDeInit
     /tmp/ccGQdmVo.s:232    .text.HAL_TIM_IC_MspDeInit:0000000000000020 $d
     /tmp/ccGQdmVo.s:239    .text.HAL_UART_MspInit:0000000000000000 $t
     /tmp/ccGQdmVo.s:246    .text.HAL_UART_MspInit:0000000000000000 HAL_UART_MspInit
     /tmp/ccGQdmVo.s:361    .text.HAL_UART_MspInit:0000000000000084 $d
     /tmp/ccGQdmVo.s:370    .text.HAL_UART_MspDeInit:0000000000000000 $t
     /tmp/ccGQdmVo.s:377    .text.HAL_UART_MspDeInit:0000000000000000 HAL_UART_MspDeInit
     /tmp/ccGQdmVo.s:419    .text.HAL_UART_MspDeInit:000000000000002c $d
     /tmp/ccGQdmVo.s:426    .rodata.HAL_UART_MspInit.str1.4:0000000000000000 $d

UNDEFINED SYMBOLS
HAL_NVIC_SetPriorityGrouping
HAL_NVIC_SetPriority
HAL_GPIO_Init
HAL_GPIO_DeInit
HAL_DMA_Init
_Error_Handler
hdma_usart1_tx
HAL_DMA_DeInit
